<?xml version="1.0" encoding="UTF-8"?>
<!-- Generated by org.testng.reporters.JUnitReportReporter -->
<testsuite skipped="0" hostname="Sumits-MacBook-Pro.local" name="WebsiteTestCases.TC2_SignUp" tests="1" failures="0" timestamp="11 Jan 2018 04:47:30 GMT" time="17.006" errors="0">
  <testcase name="signup" time="17.006" classname="WebsiteTestCases.TC2_SignUp"/>
</testsuite> <!-- WebsiteTestCases.TC2_SignUp -->
