<?xml version="1.0" encoding="UTF-8"?>
<!-- Generated by org.testng.reporters.JUnitReportReporter -->
<testsuite skipped="0" hostname="Sumits-MacBook-Pro.local" name="AdminTestCases.AdminTC" tests="1" failures="0" timestamp="28 Dec 2017 15:43:48 GMT" time="14.912" errors="0">
  <testcase name="admin" time="14.912" classname="AdminTestCases.AdminTC"/>
</testsuite> <!-- AdminTestCases.AdminTC -->
