<?xml version="1.0" encoding="UTF-8"?>
<!-- Generated by org.testng.reporters.JUnitReportReporter -->
<testsuite skipped="0" hostname="Sumits-MacBook-Pro.local" name="WebsiteTestCases.TC1_LoginLogout" tests="2" failures="0" timestamp="09 Mar 2018 14:49:10 GMT" time="1.615" errors="0">
  <testcase name="login" time="1.343" classname="WebsiteTestCases.TC1_LoginLogout"/>
  <testcase name="logout" time="0.272" classname="WebsiteTestCases.TC1_LoginLogout"/>
</testsuite> <!-- WebsiteTestCases.TC1_LoginLogout -->
