<?xml version="1.0" encoding="UTF-8"?>
<!-- Generated by org.testng.reporters.JUnitReportReporter -->
<testsuite skipped="0" hostname="Sumits-MacBook-Pro.local" name="testCases.AdminTC" tests="1" failures="0" timestamp="07 Nov 2017 06:40:32 GMT" time="13.392" errors="0">
  <testcase name="admin" time="13.392" classname="testCases.AdminTC"/>
</testsuite> <!-- testCases.AdminTC -->
