<?xml version="1.0" encoding="UTF-8"?>
<!-- Generated by org.testng.reporters.JUnitReportReporter -->
<testsuite skipped="0" hostname="Sumits-MacBook-Pro.local" name="ProdWebTC.PTC1_LoginLogout" tests="2" failures="0" timestamp="11 Jan 2018 04:11:25 GMT" time="4.495" errors="0">
  <testcase name="login" time="4.252" classname="ProdWebTC.PTC1_LoginLogout"/>
  <testcase name="logout" time="0.243" classname="ProdWebTC.PTC1_LoginLogout"/>
</testsuite> <!-- ProdWebTC.PTC1_LoginLogout -->
