<?xml version="1.0" encoding="UTF-8"?>
<!-- Generated by org.testng.reporters.JUnitReportReporter -->
<testsuite skipped="0" hostname="Sumits-MacBook-Pro.local" name="WebsiteTestCases.TC5_SimAndPhone" tests="1" failures="0" timestamp="12 Jan 2018 06:47:23 GMT" time="109.303" errors="0">
  <testcase name="simandphone" time="109.303" classname="WebsiteTestCases.TC5_SimAndPhone"/>
</testsuite> <!-- WebsiteTestCases.TC5_SimAndPhone -->
