<?xml version="1.0" encoding="UTF-8"?>
<!-- Generated by org.testng.reporters.JUnitReportReporter -->
<testsuite skipped="0" hostname="Sumits-MacBook-Pro.local" name="WebsiteTestCases.TC5_SimAndPhone" tests="1" failures="0" timestamp="19 Dec 2017 09:12:34 GMT" time="56.779" errors="0">
  <testcase name="simandphone" time="56.779" classname="WebsiteTestCases.TC5_SimAndPhone"/>
</testsuite> <!-- WebsiteTestCases.TC5_SimAndPhone -->
