<?xml version="1.0" encoding="UTF-8"?>
<!-- Generated by org.testng.reporters.JUnitReportReporter -->
<testsuite skipped="0" hostname="Sumits-MacBook-Pro.local" name="AdminTestCases.KirkDelete" tests="1" failures="0" timestamp="28 Dec 2017 05:58:29 GMT" time="0.071" errors="1">
  <testcase name="kirkdelete" time="0.071" classname="AdminTestCases.KirkDelete">
    <error type="java.lang.StackOverflowError">
      <![CDATA[java.lang.StackOverflowError
	at AdminTestCases.KirkDelete.kirkdelete(KirkDelete.java:33)
	at AdminTestCases.KirkDelete.kirkdelete(KirkDelete.java:33)
	at AdminTestCases.KirkDelete.kirkdelete(KirkDelete.java:33)
	at AdminTestCases.KirkDelete.kirkdelete(KirkDelete.java:33)
	at AdminTestCases.KirkDelete.kirkdelete(KirkDelete.java:33)
	at AdminTestCases.KirkDelete.kirkdelete(KirkDelete.java:33)
	at AdminTestCases.KirkDelete.kirkdelete(KirkDelete.java:33)
	at AdminTestCases.KirkDelete.kirkdelete(KirkDelete.java:33)
	at AdminTestCases.KirkDelete.kirkdelete(KirkDelete.java:33)
	at AdminTestCases.KirkDelete.kirkdelete(KirkDelete.java:33)
	at AdminTestCases.KirkDelete.kirkdelete(KirkDelete.java:33)
	at AdminTestCases.KirkDelete.kirkdelete(KirkDelete.java:33)
	at AdminTestCases.KirkDelete.kirkdelete(KirkDelete.java:33)
	at AdminTestCases.KirkDelete.kirkdelete(KirkDelete.java:33)
	at AdminTestCases.KirkDelete.kirkdelete(KirkDelete.java:33)
	at AdminTestCases.KirkDelete.kirkdelete(KirkDelete.java:33)
	at AdminTestCases.KirkDelete.kirkdelete(KirkDelete.java:33)
	at AdminTestCases.KirkDelete.kirkdelete(KirkDelete.java:33)
	at AdminTestCases.KirkDelete.kirkdelete(KirkDelete.java:33)
	at AdminTestCases.KirkDelete.kirkdelete(KirkDelete.java:33)
	at AdminTestCases.KirkDelete.kirkdelete(KirkDelete.java:33)
	at AdminTestCases.KirkDelete.kirkdelete(KirkDelete.java:33)
	at AdminTestCases.KirkDelete.kirkdelete(KirkDelete.java:33)
	at AdminTestCases.KirkDelete.kirkdelete(KirkDelete.java:33)
	at AdminTestCases.KirkDelete.kirkdelete(KirkDelete.java:33)
	at AdminTestCases.KirkDelete.kirkdelete(KirkDelete.java:33)
	at AdminTestCases.KirkDelete.kirkdelete(KirkDelete.java:33)
	at AdminTestCases.KirkDelete.kirkdelete(KirkDelete.java:33)
	at AdminTestCases.KirkDelete.kirkdelete(KirkDelete.java:33)
	at AdminTestCases.KirkDelete.kirkdelete(KirkDelete.java:33)
	at AdminTestCases.KirkDelete.kirkdelete(KirkDelete.java:33)
	at AdminTestCases.KirkDelete.kirkdelete(KirkDelete.java:33)
	at AdminTestCases.KirkDelete.kirkdelete(KirkDelete.java:33)
	at AdminTestCases.KirkDelete.kirkdelete(KirkDelete.java:33)
	at AdminTestCases.KirkDelete.kirkdelete(KirkDelete.java:33)
	at AdminTestCases.KirkDelete.kirkdelete(KirkDelete.java:33)
	at AdminTestCases.KirkDelete.kirkdelete(KirkDelete.java:33)
	at AdminTestCases.KirkDelete.kirkdelete(KirkDelete.java:33)
	at AdminTestCases.KirkDelete.kirkdelete(KirkDelete.java:33)
	at AdminTestCases.KirkDelete.kirkdelete(KirkDelete.java:33)
	at AdminTestCases.KirkDelete.kirkdelete(KirkDelete.java:33)
	at AdminTestCases.KirkDelete.kirkdelete(KirkDelete.java:33)
	at AdminTestCases.KirkDelete.kirkdelete(KirkDelete.java:33)
	at AdminTestCases.KirkDelete.kirkdelete(KirkDelete.java:33)
	at AdminTestCases.KirkDelete.kirkdelete(KirkDelete.java:33)
	at AdminTestCases.KirkDelete.kirkdelete(KirkDelete.java:33)
	at AdminTestCases.KirkDelete.kirkdelete(KirkDelete.java:33)
	at AdminTestCases.KirkDelete.kirkdelete(KirkDelete.java:33)
	at AdminTestCases.KirkDelete.kirkdelete(KirkDelete.java:33)
	at AdminTestCases.KirkDelete.kirkdelete(KirkDelete.java:33)
	at AdminTestCases.KirkDelete.kirkdelete(KirkDelete.java:33)
	at AdminTestCases.KirkDelete.kirkdelete(KirkDelete.java:33)
	at AdminTestCases.KirkDelete.kirkdelete(KirkDelete.java:33)
	at AdminTestCases.KirkDelete.kirkdelete(KirkDelete.java:33)
	at AdminTestCases.KirkDelete.kirkdelete(KirkDelete.java:33)
	at AdminTestCases.KirkDelete.kirkdelete(KirkDelete.java:33)
	at AdminTestCases.KirkDelete.kirkdelete(KirkDelete.java:33)
	at AdminTestCases.KirkDelete.kirkdelete(KirkDelete.java:33)
	at AdminTestCases.KirkDelete.kirkdelete(KirkDelete.java:33)
	at AdminTestCases.KirkDelete.kirkdelete(KirkDelete.java:33)
	at AdminTestCases.KirkDelete.kirkdelete(KirkDelete.java:33)
	at AdminTestCases.KirkDelete.kirkdelete(KirkDelete.java:33)
	at AdminTestCases.KirkDelete.kirkdelete(KirkDelete.java:33)
	at AdminTestCases.KirkDelete.kirkdelete(KirkDelete.java:33)
	at AdminTestCases.KirkDelete.kirkdelete(KirkDelete.java:33)
	at AdminTestCases.KirkDelete.kirkdelete(KirkDelete.java:33)
	at AdminTestCases.KirkDelete.kirkdelete(KirkDelete.java:33)
	at AdminTestCases.KirkDelete.kirkdelete(KirkDelete.java:33)
	at AdminTestCases.KirkDelete.kirkdelete(KirkDelete.java:33)
	at AdminTestCases.KirkDelete.kirkdelete(KirkDelete.java:33)
	at AdminTestCases.KirkDelete.kirkdelete(KirkDelete.java:33)
	at AdminTestCases.KirkDelete.kirkdelete(KirkDelete.java:33)
	at AdminTestCases.KirkDelete.kirkdelete(KirkDelete.java:33)
	at AdminTestCases.KirkDelete.kirkdelete(KirkDelete.java:33)
	at AdminTestCases.KirkDelete.kirkdelete(KirkDelete.java:33)
	at AdminTestCases.KirkDelete.kirkdelete(KirkDelete.java:33)
	at AdminTestCases.KirkDelete.kirkdelete(KirkDelete.java:33)
	at AdminTestCases.KirkDelete.kirkdelete(KirkDelete.java:33)
	at AdminTestCases.KirkDelete.kirkdelete(KirkDelete.java:33)
	at AdminTestCases.KirkDelete.kirkdelete(KirkDelete.java:33)
	at AdminTestCases.KirkDelete.kirkdelete(KirkDelete.java:33)
	at AdminTestCases.KirkDelete.kirkdelete(KirkDelete.java:33)
	at AdminTestCases.KirkDelete.kirkdelete(KirkDelete.java:33)
	at AdminTestCases.KirkDelete.kirkdelete(KirkDelete.java:33)
	at AdminTestCases.KirkDelete.kirkdelete(KirkDelete.java:33)
	at AdminTestCases.KirkDelete.kirkdelete(KirkDelete.java:33)
	at AdminTestCases.KirkDelete.kirkdelete(KirkDelete.java:33)
	at AdminTestCases.KirkDelete.kirkdelete(KirkDelete.java:33)
	at AdminTestCases.KirkDelete.kirkdelete(KirkDelete.java:33)
	at AdminTestCases.KirkDelete.kirkdelete(KirkDelete.java:33)
	at AdminTestCases.KirkDelete.kirkdelete(KirkDelete.java:33)
	at AdminTestCases.KirkDelete.kirkdelete(KirkDelete.java:33)
	at AdminTestCases.KirkDelete.kirkdelete(KirkDelete.java:33)
	at AdminTestCases.KirkDelete.kirkdelete(KirkDelete.java:33)
	at AdminTestCases.KirkDelete.kirkdelete(KirkDelete.java:33)
	at AdminTestCases.KirkDelete.kirkdelete(KirkDelete.java:33)
	at AdminTestCases.KirkDelete.kirkdelete(KirkDelete.java:33)
	at AdminTestCases.KirkDelete.kirkdelete(KirkDelete.java:33)
	at AdminTestCases.KirkDelete.kirkdelete(KirkDelete.java:33)
	at AdminTestCases.KirkDelete.kirkdelete(KirkDelete.java:33)
	at AdminTestCases.KirkDelete.kirkdelete(KirkDelete.java:33)
	at AdminTestCases.KirkDelete.kirkdelete(KirkDelete.java:33)
	at AdminTestCases.KirkDelete.kirkdelete(KirkDelete.java:33)
	at AdminTestCases.KirkDelete.kirkdelete(KirkDelete.java:33)
	at AdminTestCases.KirkDelete.kirkdelete(KirkDelete.java:33)
	at AdminTestCases.KirkDelete.kirkdelete(KirkDelete.java:33)
	at AdminTestCases.KirkDelete.kirkdelete(KirkDelete.java:33)
	at AdminTestCases.KirkDelete.kirkdelete(KirkDelete.java:33)
	at AdminTestCases.KirkDelete.kirkdelete(KirkDelete.java:33)
	at AdminTestCases.KirkDelete.kirkdelete(KirkDelete.java:33)
	at AdminTestCases.KirkDelete.kirkdelete(KirkDelete.java:33)
	at AdminTestCases.KirkDelete.kirkdelete(KirkDelete.java:33)
	at AdminTestCases.KirkDelete.kirkdelete(KirkDelete.java:33)
	at AdminTestCases.KirkDelete.kirkdelete(KirkDelete.java:33)
	at AdminTestCases.KirkDelete.kirkdelete(KirkDelete.java:33)
	at AdminTestCases.KirkDelete.kirkdelete(KirkDelete.java:33)
	at AdminTestCases.KirkDelete.kirkdelete(KirkDelete.java:33)
	at AdminTestCases.KirkDelete.kirkdelete(KirkDelete.java:33)
	at AdminTestCases.KirkDelete.kirkdelete(KirkDelete.java:33)
	at AdminTestCases.KirkDelete.kirkdelete(KirkDelete.java:33)
	at AdminTestCases.KirkDelete.kirkdelete(KirkDelete.java:33)
	at AdminTestCases.KirkDelete.kirkdelete(KirkDelete.java:33)
	at AdminTestCases.KirkDelete.kirkdelete(KirkDelete.java:33)
	at AdminTestCases.KirkDelete.kirkdelete(KirkDelete.java:33)
	at AdminTestCases.KirkDelete.kirkdelete(KirkDelete.java:33)
	at AdminTestCases.KirkDelete.kirkdelete(KirkDelete.java:33)
	at AdminTestCases.KirkDelete.kirkdelete(KirkDelete.java:33)
	at AdminTestCases.KirkDelete.kirkdelete(KirkDelete.java:33)
	at AdminTestCases.KirkDelete.kirkdelete(KirkDelete.java:33)
	at AdminTestCases.KirkDelete.kirkdelete(KirkDelete.java:33)
	at AdminTestCases.KirkDelete.kirkdelete(KirkDelete.java:33)
	at AdminTestCases.KirkDelete.kirkdelete(KirkDelete.java:33)
	at AdminTestCases.KirkDelete.kirkdelete(KirkDelete.java:33)
	at AdminTestCases.KirkDelete.kirkdelete(KirkDelete.java:33)
	at AdminTestCases.KirkDelete.kirkdelete(KirkDelete.java:33)
	at AdminTestCases.KirkDelete.kirkdelete(KirkDelete.java:33)
	at AdminTestCases.KirkDelete.kirkdelete(KirkDelete.java:33)
	at AdminTestCases.KirkDelete.kirkdelete(KirkDelete.java:33)
	at AdminTestCases.KirkDelete.kirkdelete(KirkDelete.java:33)
	at AdminTestCases.KirkDelete.kirkdelete(KirkDelete.java:33)
	at AdminTestCases.KirkDelete.kirkdelete(KirkDelete.java:33)
	at AdminTestCases.KirkDelete.kirkdelete(KirkDelete.java:33)
	at AdminTestCases.KirkDelete.kirkdelete(KirkDelete.java:33)
	at AdminTestCases.KirkDelete.kirkdelete(KirkDelete.java:33)
	at AdminTestCases.KirkDelete.kirkdelete(KirkDelete.java:33)
	at AdminTestCases.KirkDelete.kirkdelete(KirkDelete.java:33)
	at AdminTestCases.KirkDelete.kirkdelete(KirkDelete.java:33)
	at AdminTestCases.KirkDelete.kirkdelete(KirkDelete.java:33)
	at AdminTestCases.KirkDelete.kirkdelete(KirkDelete.java:33)
	at AdminTestCases.KirkDelete.kirkdelete(KirkDelete.java:33)
	at AdminTestCases.KirkDelete.kirkdelete(KirkDelete.java:33)
	at AdminTestCases.KirkDelete.kirkdelete(KirkDelete.java:33)
	at AdminTestCases.KirkDelete.kirkdelete(KirkDelete.java:33)
	at AdminTestCases.KirkDelete.kirkdelete(KirkDelete.java:33)
	at AdminTestCases.KirkDelete.kirkdelete(KirkDelete.java:33)
	at AdminTestCases.KirkDelete.kirkdelete(KirkDelete.java:33)
	at AdminTestCases.KirkDelete.kirkdelete(KirkDelete.java:33)
	at AdminTestCases.KirkDelete.kirkdelete(KirkDelete.java:33)
	at AdminTestCases.KirkDelete.kirkdelete(KirkDelete.java:33)
	at AdminTestCases.KirkDelete.kirkdelete(KirkDelete.java:33)
	at AdminTestCases.KirkDelete.kirkdelete(KirkDelete.java:33)
	at AdminTestCases.KirkDelete.kirkdelete(KirkDelete.java:33)
	at AdminTestCases.KirkDelete.kirkdelete(KirkDelete.java:33)
	at AdminTestCases.KirkDelete.kirkdelete(KirkDelete.java:33)
	at AdminTestCases.KirkDelete.kirkdelete(KirkDelete.java:33)
	at AdminTestCases.KirkDelete.kirkdelete(KirkDelete.java:33)
	at AdminTestCases.KirkDelete.kirkdelete(KirkDelete.java:33)
	at AdminTestCases.KirkDelete.kirkdelete(KirkDelete.java:33)
	at AdminTestCases.KirkDelete.kirkdelete(KirkDelete.java:33)
	at AdminTestCases.KirkDelete.kirkdelete(KirkDelete.java:33)
	at AdminTestCases.KirkDelete.kirkdelete(KirkDelete.java:33)
	at AdminTestCases.KirkDelete.kirkdelete(KirkDelete.java:33)
	at AdminTestCases.KirkDelete.kirkdelete(KirkDelete.java:33)
	at AdminTestCases.KirkDelete.kirkdelete(KirkDelete.java:33)
	at AdminTestCases.KirkDelete.kirkdelete(KirkDelete.java:33)
	at AdminTestCases.KirkDelete.kirkdelete(KirkDelete.java:33)
	at AdminTestCases.KirkDelete.kirkdelete(KirkDelete.java:33)
	at AdminTestCases.KirkDelete.kirkdelete(KirkDelete.java:33)
	at AdminTestCases.KirkDelete.kirkdelete(KirkDelete.java:33)
	at AdminTestCases.KirkDelete.kirkdelete(KirkDelete.java:33)
	at AdminTestCases.KirkDelete.kirkdelete(KirkDelete.java:33)
	at AdminTestCases.KirkDelete.kirkdelete(KirkDelete.java:33)
	at AdminTestCases.KirkDelete.kirkdelete(KirkDelete.java:33)
	at AdminTestCases.KirkDelete.kirkdelete(KirkDelete.java:33)
	at AdminTestCases.KirkDelete.kirkdelete(KirkDelete.java:33)
	at AdminTestCases.KirkDelete.kirkdelete(KirkDelete.java:33)
	at AdminTestCases.KirkDelete.kirkdelete(KirkDelete.java:33)
	at AdminTestCases.KirkDelete.kirkdelete(KirkDelete.java:33)
	at AdminTestCases.KirkDelete.kirkdelete(KirkDelete.java:33)
	at AdminTestCases.KirkDelete.kirkdelete(KirkDelete.java:33)
	at AdminTestCases.KirkDelete.kirkdelete(KirkDelete.java:33)
	at AdminTestCases.KirkDelete.kirkdelete(KirkDelete.java:33)
	at AdminTestCases.KirkDelete.kirkdelete(KirkDelete.java:33)
	at AdminTestCases.KirkDelete.kirkdelete(KirkDelete.java:33)
	at AdminTestCases.KirkDelete.kirkdelete(KirkDelete.java:33)
	at AdminTestCases.KirkDelete.kirkdelete(KirkDelete.java:33)
	at AdminTestCases.KirkDelete.kirkdelete(KirkDelete.java:33)
	at AdminTestCases.KirkDelete.kirkdelete(KirkDelete.java:33)
	at AdminTestCases.KirkDelete.kirkdelete(KirkDelete.java:33)
	at AdminTestCases.KirkDelete.kirkdelete(KirkDelete.java:33)
	at AdminTestCases.KirkDelete.kirkdelete(KirkDelete.java:33)
	at AdminTestCases.KirkDelete.kirkdelete(KirkDelete.java:33)
	at AdminTestCases.KirkDelete.kirkdelete(KirkDelete.java:33)
	at AdminTestCases.KirkDelete.kirkdelete(KirkDelete.java:33)
	at AdminTestCases.KirkDelete.kirkdelete(KirkDelete.java:33)
	at AdminTestCases.KirkDelete.kirkdelete(KirkDelete.java:33)
	at AdminTestCases.KirkDelete.kirkdelete(KirkDelete.java:33)
	at AdminTestCases.KirkDelete.kirkdelete(KirkDelete.java:33)
	at AdminTestCases.KirkDelete.kirkdelete(KirkDelete.java:33)
	at AdminTestCases.KirkDelete.kirkdelete(KirkDelete.java:33)
	at AdminTestCases.KirkDelete.kirkdelete(KirkDelete.java:33)
	at AdminTestCases.KirkDelete.kirkdelete(KirkDelete.java:33)
	at AdminTestCases.KirkDelete.kirkdelete(KirkDelete.java:33)
	at AdminTestCases.KirkDelete.kirkdelete(KirkDelete.java:33)
	at AdminTestCases.KirkDelete.kirkdelete(KirkDelete.java:33)
	at AdminTestCases.KirkDelete.kirkdelete(KirkDelete.java:33)
	at AdminTestCases.KirkDelete.kirkdelete(KirkDelete.java:33)
	at AdminTestCases.KirkDelete.kirkdelete(KirkDelete.java:33)
	at AdminTestCases.KirkDelete.kirkdelete(KirkDelete.java:33)
	at AdminTestCases.KirkDelete.kirkdelete(KirkDelete.java:33)
	at AdminTestCases.KirkDelete.kirkdelete(KirkDelete.java:33)
	at AdminTestCases.KirkDelete.kirkdelete(KirkDelete.java:33)
	at AdminTestCases.KirkDelete.kirkdelete(KirkDelete.java:33)
	at AdminTestCases.KirkDelete.kirkdelete(KirkDelete.java:33)
	at AdminTestCases.KirkDelete.kirkdelete(KirkDelete.java:33)
	at AdminTestCases.KirkDelete.kirkdelete(KirkDelete.java:33)
	at AdminTestCases.KirkDelete.kirkdelete(KirkDelete.java:33)
	at AdminTestCases.KirkDelete.kirkdelete(KirkDelete.java:33)
	at AdminTestCases.KirkDelete.kirkdelete(KirkDelete.java:33)
	at AdminTestCases.KirkDelete.kirkdelete(KirkDelete.java:33)
	at AdminTestCases.KirkDelete.kirkdelete(KirkDelete.java:33)
	at AdminTestCases.KirkDelete.kirkdelete(KirkDelete.java:33)
	at AdminTestCases.KirkDelete.kirkdelete(KirkDelete.java:33)
	at AdminTestCases.KirkDelete.kirkdelete(KirkDelete.java:33)
	at AdminTestCases.KirkDelete.kirkdelete(KirkDelete.java:33)
	at AdminTestCases.KirkDelete.kirkdelete(KirkDelete.java:33)
	at AdminTestCases.KirkDelete.kirkdelete(KirkDelete.java:33)
	at AdminTestCases.KirkDelete.kirkdelete(KirkDelete.java:33)
	at AdminTestCases.KirkDelete.kirkdelete(KirkDelete.java:33)
	at AdminTestCases.KirkDelete.kirkdelete(KirkDelete.java:33)
	at AdminTestCases.KirkDelete.kirkdelete(KirkDelete.java:33)
	at AdminTestCases.KirkDelete.kirkdelete(KirkDelete.java:33)
	at AdminTestCases.KirkDelete.kirkdelete(KirkDelete.java:33)
	at AdminTestCases.KirkDelete.kirkdelete(KirkDelete.java:33)
	at AdminTestCases.KirkDelete.kirkdelete(KirkDelete.java:33)
	at AdminTestCases.KirkDelete.kirkdelete(KirkDelete.java:33)
	at AdminTestCases.KirkDelete.kirkdelete(KirkDelete.java:33)
	at AdminTestCases.KirkDelete.kirkdelete(KirkDelete.java:33)
	at AdminTestCases.KirkDelete.kirkdelete(KirkDelete.java:33)
	at AdminTestCases.KirkDelete.kirkdelete(KirkDelete.java:33)
	at AdminTestCases.KirkDelete.kirkdelete(KirkDelete.java:33)
	at AdminTestCases.KirkDelete.kirkdelete(KirkDelete.java:33)
	at AdminTestCases.KirkDelete.kirkdelete(KirkDelete.java:33)
	at AdminTestCases.KirkDelete.kirkdelete(KirkDelete.java:33)
	at AdminTestCases.KirkDelete.kirkdelete(KirkDelete.java:33)
	at AdminTestCases.KirkDelete.kirkdelete(KirkDelete.java:33)
	at AdminTestCases.KirkDelete.kirkdelete(KirkDelete.java:33)
	at AdminTestCases.KirkDelete.kirkdelete(KirkDelete.java:33)
	at AdminTestCases.KirkDelete.kirkdelete(KirkDelete.java:33)
	at AdminTestCases.KirkDelete.kirkdelete(KirkDelete.java:33)
	at AdminTestCases.KirkDelete.kirkdelete(KirkDelete.java:33)
	at AdminTestCases.KirkDelete.kirkdelete(KirkDelete.java:33)
	at AdminTestCases.KirkDelete.kirkdelete(KirkDelete.java:33)
	at AdminTestCases.KirkDelete.kirkdelete(KirkDelete.java:33)
	at AdminTestCases.KirkDelete.kirkdelete(KirkDelete.java:33)
	at AdminTestCases.KirkDelete.kirkdelete(KirkDelete.java:33)
	at AdminTestCases.KirkDelete.kirkdelete(KirkDelete.java:33)
	at AdminTestCases.KirkDelete.kirkdelete(KirkDelete.java:33)
	at AdminTestCases.KirkDelete.kirkdelete(KirkDelete.java:33)
	at AdminTestCases.KirkDelete.kirkdelete(KirkDelete.java:33)
	at AdminTestCases.KirkDelete.kirkdelete(KirkDelete.java:33)
	at AdminTestCases.KirkDelete.kirkdelete(KirkDelete.java:33)
	at AdminTestCases.KirkDelete.kirkdelete(KirkDelete.java:33)
	at AdminTestCases.KirkDelete.kirkdelete(KirkDelete.java:33)
	at AdminTestCases.KirkDelete.kirkdelete(KirkDelete.java:33)
	at AdminTestCases.KirkDelete.kirkdelete(KirkDelete.java:33)
	at AdminTestCases.KirkDelete.kirkdelete(KirkDelete.java:33)
	at AdminTestCases.KirkDelete.kirkdelete(KirkDelete.java:33)
	at AdminTestCases.KirkDelete.kirkdelete(KirkDelete.java:33)
	at AdminTestCases.KirkDelete.kirkdelete(KirkDelete.java:33)
	at AdminTestCases.KirkDelete.kirkdelete(KirkDelete.java:33)
	at AdminTestCases.KirkDelete.kirkdelete(KirkDelete.java:33)
	at AdminTestCases.KirkDelete.kirkdelete(KirkDelete.java:33)
	at AdminTestCases.KirkDelete.kirkdelete(KirkDelete.java:33)
	at AdminTestCases.KirkDelete.kirkdelete(KirkDelete.java:33)
	at AdminTestCases.KirkDelete.kirkdelete(KirkDelete.java:33)
	at AdminTestCases.KirkDelete.kirkdelete(KirkDelete.java:33)
	at AdminTestCases.KirkDelete.kirkdelete(KirkDelete.java:33)
	at AdminTestCases.KirkDelete.kirkdelete(KirkDelete.java:33)
	at AdminTestCases.KirkDelete.kirkdelete(KirkDelete.java:33)
	at AdminTestCases.KirkDelete.kirkdelete(KirkDelete.java:33)
	at AdminTestCases.KirkDelete.kirkdelete(KirkDelete.java:33)
	at AdminTestCases.KirkDelete.kirkdelete(KirkDelete.java:33)
	at AdminTestCases.KirkDelete.kirkdelete(KirkDelete.java:33)
	at AdminTestCases.KirkDelete.kirkdelete(KirkDelete.java:33)
	at AdminTestCases.KirkDelete.kirkdelete(KirkDelete.java:33)
	at AdminTestCases.KirkDelete.kirkdelete(KirkDelete.java:33)
	at AdminTestCases.KirkDelete.kirkdelete(KirkDelete.java:33)
	at AdminTestCases.KirkDelete.kirkdelete(KirkDelete.java:33)
	at AdminTestCases.KirkDelete.kirkdelete(KirkDelete.java:33)
	at AdminTestCases.KirkDelete.kirkdelete(KirkDelete.java:33)
	at AdminTestCases.KirkDelete.kirkdelete(KirkDelete.java:33)
	at AdminTestCases.KirkDelete.kirkdelete(KirkDelete.java:33)
	at AdminTestCases.KirkDelete.kirkdelete(KirkDelete.java:33)
	at AdminTestCases.KirkDelete.kirkdelete(KirkDelete.java:33)
	at AdminTestCases.KirkDelete.kirkdelete(KirkDelete.java:33)
	at AdminTestCases.KirkDelete.kirkdelete(KirkDelete.java:33)
	at AdminTestCases.KirkDelete.kirkdelete(KirkDelete.java:33)
	at AdminTestCases.KirkDelete.kirkdelete(KirkDelete.java:33)
	at AdminTestCases.KirkDelete.kirkdelete(KirkDelete.java:33)
	at AdminTestCases.KirkDelete.kirkdelete(KirkDelete.java:33)
	at AdminTestCases.KirkDelete.kirkdelete(KirkDelete.java:33)
	at AdminTestCases.KirkDelete.kirkdelete(KirkDelete.java:33)
	at AdminTestCases.KirkDelete.kirkdelete(KirkDelete.java:33)
	at AdminTestCases.KirkDelete.kirkdelete(KirkDelete.java:33)
	at AdminTestCases.KirkDelete.kirkdelete(KirkDelete.java:33)
	at AdminTestCases.KirkDelete.kirkdelete(KirkDelete.java:33)
	at AdminTestCases.KirkDelete.kirkdelete(KirkDelete.java:33)
	at AdminTestCases.KirkDelete.kirkdelete(KirkDelete.java:33)
	at AdminTestCases.KirkDelete.kirkdelete(KirkDelete.java:33)
	at AdminTestCases.KirkDelete.kirkdelete(KirkDelete.java:33)
	at AdminTestCases.KirkDelete.kirkdelete(KirkDelete.java:33)
	at AdminTestCases.KirkDelete.kirkdelete(KirkDelete.java:33)
	at AdminTestCases.KirkDelete.kirkdelete(KirkDelete.java:33)
	at AdminTestCases.KirkDelete.kirkdelete(KirkDelete.java:33)
	at AdminTestCases.KirkDelete.kirkdelete(KirkDelete.java:33)
	at AdminTestCases.KirkDelete.kirkdelete(KirkDelete.java:33)
	at AdminTestCases.KirkDelete.kirkdelete(KirkDelete.java:33)
	at AdminTestCases.KirkDelete.kirkdelete(KirkDelete.java:33)
	at AdminTestCases.KirkDelete.kirkdelete(KirkDelete.java:33)
	at AdminTestCases.KirkDelete.kirkdelete(KirkDelete.java:33)
	at AdminTestCases.KirkDelete.kirkdelete(KirkDelete.java:33)
	at AdminTestCases.KirkDelete.kirkdelete(KirkDelete.java:33)
	at AdminTestCases.KirkDelete.kirkdelete(KirkDelete.java:33)
	at AdminTestCases.KirkDelete.kirkdelete(KirkDelete.java:33)
	at AdminTestCases.KirkDelete.kirkdelete(KirkDelete.java:33)
	at AdminTestCases.KirkDelete.kirkdelete(KirkDelete.java:33)
	at AdminTestCases.KirkDelete.kirkdelete(KirkDelete.java:33)
	at AdminTestCases.KirkDelete.kirkdelete(KirkDelete.java:33)
	at AdminTestCases.KirkDelete.kirkdelete(KirkDelete.java:33)
	at AdminTestCases.KirkDelete.kirkdelete(KirkDelete.java:33)
	at AdminTestCases.KirkDelete.kirkdelete(KirkDelete.java:33)
	at AdminTestCases.KirkDelete.kirkdelete(KirkDelete.java:33)
	at AdminTestCases.KirkDelete.kirkdelete(KirkDelete.java:33)
	at AdminTestCases.KirkDelete.kirkdelete(KirkDelete.java:33)
	at AdminTestCases.KirkDelete.kirkdelete(KirkDelete.java:33)
	at AdminTestCases.KirkDelete.kirkdelete(KirkDelete.java:33)
	at AdminTestCases.KirkDelete.kirkdelete(KirkDelete.java:33)
	at AdminTestCases.KirkDelete.kirkdelete(KirkDelete.java:33)
	at AdminTestCases.KirkDelete.kirkdelete(KirkDelete.java:33)
	at AdminTestCases.KirkDelete.kirkdelete(KirkDelete.java:33)
	at AdminTestCases.KirkDelete.kirkdelete(KirkDelete.java:33)
	at AdminTestCases.KirkDelete.kirkdelete(KirkDelete.java:33)
	at AdminTestCases.KirkDelete.kirkdelete(KirkDelete.java:33)
	at AdminTestCases.KirkDelete.kirkdelete(KirkDelete.java:33)
	at AdminTestCases.KirkDelete.kirkdelete(KirkDelete.java:33)
	at AdminTestCases.KirkDelete.kirkdelete(KirkDelete.java:33)
	at AdminTestCases.KirkDelete.kirkdelete(KirkDelete.java:33)
	at AdminTestCases.KirkDelete.kirkdelete(KirkDelete.java:33)
	at AdminTestCases.KirkDelete.kirkdelete(KirkDelete.java:33)
	at AdminTestCases.KirkDelete.kirkdelete(KirkDelete.java:33)
	at AdminTestCases.KirkDelete.kirkdelete(KirkDelete.java:33)
	at AdminTestCases.KirkDelete.kirkdelete(KirkDelete.java:33)
	at AdminTestCases.KirkDelete.kirkdelete(KirkDelete.java:33)
	at AdminTestCases.KirkDelete.kirkdelete(KirkDelete.java:33)
	at AdminTestCases.KirkDelete.kirkdelete(KirkDelete.java:33)
	at AdminTestCases.KirkDelete.kirkdelete(KirkDelete.java:33)
	at AdminTestCases.KirkDelete.kirkdelete(KirkDelete.java:33)
	at AdminTestCases.KirkDelete.kirkdelete(KirkDelete.java:33)
	at AdminTestCases.KirkDelete.kirkdelete(KirkDelete.java:33)
	at AdminTestCases.KirkDelete.kirkdelete(KirkDelete.java:33)
	at AdminTestCases.KirkDelete.kirkdelete(KirkDelete.java:33)
	at AdminTestCases.KirkDelete.kirkdelete(KirkDelete.java:33)
	at AdminTestCases.KirkDelete.kirkdelete(KirkDelete.java:33)
	at AdminTestCases.KirkDelete.kirkdelete(KirkDelete.java:33)
	at AdminTestCases.KirkDelete.kirkdelete(KirkDelete.java:33)
	at AdminTestCases.KirkDelete.kirkdelete(KirkDelete.java:33)
	at AdminTestCases.KirkDelete.kirkdelete(KirkDelete.java:33)
	at AdminTestCases.KirkDelete.kirkdelete(KirkDelete.java:33)
	at AdminTestCases.KirkDelete.kirkdelete(KirkDelete.java:33)
	at AdminTestCases.KirkDelete.kirkdelete(KirkDelete.java:33)
	at AdminTestCases.KirkDelete.kirkdelete(KirkDelete.java:33)
	at AdminTestCases.KirkDelete.kirkdelete(KirkDelete.java:33)
	at AdminTestCases.KirkDelete.kirkdelete(KirkDelete.java:33)
	at AdminTestCases.KirkDelete.kirkdelete(KirkDelete.java:33)
	at AdminTestCases.KirkDelete.kirkdelete(KirkDelete.java:33)
	at AdminTestCases.KirkDelete.kirkdelete(KirkDelete.java:33)
	at AdminTestCases.KirkDelete.kirkdelete(KirkDelete.java:33)
	at AdminTestCases.KirkDelete.kirkdelete(KirkDelete.java:33)
	at AdminTestCases.KirkDelete.kirkdelete(KirkDelete.java:33)
	at AdminTestCases.KirkDelete.kirkdelete(KirkDelete.java:33)
	at AdminTestCases.KirkDelete.kirkdelete(KirkDelete.java:33)
	at AdminTestCases.KirkDelete.kirkdelete(KirkDelete.java:33)
	at AdminTestCases.KirkDelete.kirkdelete(KirkDelete.java:33)
	at AdminTestCases.KirkDelete.kirkdelete(KirkDelete.java:33)
	at AdminTestCases.KirkDelete.kirkdelete(KirkDelete.java:33)
	at AdminTestCases.KirkDelete.kirkdelete(KirkDelete.java:33)
	at AdminTestCases.KirkDelete.kirkdelete(KirkDelete.java:33)
	at AdminTestCases.KirkDelete.kirkdelete(KirkDelete.java:33)
	at AdminTestCases.KirkDelete.kirkdelete(KirkDelete.java:33)
	at AdminTestCases.KirkDelete.kirkdelete(KirkDelete.java:33)
	at AdminTestCases.KirkDelete.kirkdelete(KirkDelete.java:33)
	at AdminTestCases.KirkDelete.kirkdelete(KirkDelete.java:33)
	at AdminTestCases.KirkDelete.kirkdelete(KirkDelete.java:33)
	at AdminTestCases.KirkDelete.kirkdelete(KirkDelete.java:33)
	at AdminTestCases.KirkDelete.kirkdelete(KirkDelete.java:33)
	at AdminTestCases.KirkDelete.kirkdelete(KirkDelete.java:33)
	at AdminTestCases.KirkDelete.kirkdelete(KirkDelete.java:33)
	at AdminTestCases.KirkDelete.kirkdelete(KirkDelete.java:33)
	at AdminTestCases.KirkDelete.kirkdelete(KirkDelete.java:33)
	at AdminTestCases.KirkDelete.kirkdelete(KirkDelete.java:33)
	at AdminTestCases.KirkDelete.kirkdelete(KirkDelete.java:33)
	at AdminTestCases.KirkDelete.kirkdelete(KirkDelete.java:33)
	at AdminTestCases.KirkDelete.kirkdelete(KirkDelete.java:33)
	at AdminTestCases.KirkDelete.kirkdelete(KirkDelete.java:33)
	at AdminTestCases.KirkDelete.kirkdelete(KirkDelete.java:33)
	at AdminTestCases.KirkDelete.kirkdelete(KirkDelete.java:33)
	at AdminTestCases.KirkDelete.kirkdelete(KirkDelete.java:33)
	at AdminTestCases.KirkDelete.kirkdelete(KirkDelete.java:33)
	at AdminTestCases.KirkDelete.kirkdelete(KirkDelete.java:33)
	at AdminTestCases.KirkDelete.kirkdelete(KirkDelete.java:33)
	at AdminTestCases.KirkDelete.kirkdelete(KirkDelete.java:33)
	at AdminTestCases.KirkDelete.kirkdelete(KirkDelete.java:33)
	at AdminTestCases.KirkDelete.kirkdelete(KirkDelete.java:33)
	at AdminTestCases.KirkDelete.kirkdelete(KirkDelete.java:33)
	at AdminTestCases.KirkDelete.kirkdelete(KirkDelete.java:33)
	at AdminTestCases.KirkDelete.kirkdelete(KirkDelete.java:33)
	at AdminTestCases.KirkDelete.kirkdelete(KirkDelete.java:33)
	at AdminTestCases.KirkDelete.kirkdelete(KirkDelete.java:33)
	at AdminTestCases.KirkDelete.kirkdelete(KirkDelete.java:33)
	at AdminTestCases.KirkDelete.kirkdelete(KirkDelete.java:33)
	at AdminTestCases.KirkDelete.kirkdelete(KirkDelete.java:33)
	at AdminTestCases.KirkDelete.kirkdelete(KirkDelete.java:33)
	at AdminTestCases.KirkDelete.kirkdelete(KirkDelete.java:33)
	at AdminTestCases.KirkDelete.kirkdelete(KirkDelete.java:33)
	at AdminTestCases.KirkDelete.kirkdelete(KirkDelete.java:33)
	at AdminTestCases.KirkDelete.kirkdelete(KirkDelete.java:33)
	at AdminTestCases.KirkDelete.kirkdelete(KirkDelete.java:33)
	at AdminTestCases.KirkDelete.kirkdelete(KirkDelete.java:33)
	at AdminTestCases.KirkDelete.kirkdelete(KirkDelete.java:33)
	at AdminTestCases.KirkDelete.kirkdelete(KirkDelete.java:33)
	at AdminTestCases.KirkDelete.kirkdelete(KirkDelete.java:33)
	at AdminTestCases.KirkDelete.kirkdelete(KirkDelete.java:33)
	at AdminTestCases.KirkDelete.kirkdelete(KirkDelete.java:33)
	at AdminTestCases.KirkDelete.kirkdelete(KirkDelete.java:33)
	at AdminTestCases.KirkDelete.kirkdelete(KirkDelete.java:33)
	at AdminTestCases.KirkDelete.kirkdelete(KirkDelete.java:33)
	at AdminTestCases.KirkDelete.kirkdelete(KirkDelete.java:33)
	at AdminTestCases.KirkDelete.kirkdelete(KirkDelete.java:33)
	at AdminTestCases.KirkDelete.kirkdelete(KirkDelete.java:33)
	at AdminTestCases.KirkDelete.kirkdelete(KirkDelete.java:33)
	at AdminTestCases.KirkDelete.kirkdelete(KirkDelete.java:33)
	at AdminTestCases.KirkDelete.kirkdelete(KirkDelete.java:33)
	at AdminTestCases.KirkDelete.kirkdelete(KirkDelete.java:33)
	at AdminTestCases.KirkDelete.kirkdelete(KirkDelete.java:33)
	at AdminTestCases.KirkDelete.kirkdelete(KirkDelete.java:33)
	at AdminTestCases.KirkDelete.kirkdelete(KirkDelete.java:33)
	at AdminTestCases.KirkDelete.kirkdelete(KirkDelete.java:33)
	at AdminTestCases.KirkDelete.kirkdelete(KirkDelete.java:33)
	at AdminTestCases.KirkDelete.kirkdelete(KirkDelete.java:33)
	at AdminTestCases.KirkDelete.kirkdelete(KirkDelete.java:33)
	at AdminTestCases.KirkDelete.kirkdelete(KirkDelete.java:33)
	at AdminTestCases.KirkDelete.kirkdelete(KirkDelete.java:33)
	at AdminTestCases.KirkDelete.kirkdelete(KirkDelete.java:33)
	at AdminTestCases.KirkDelete.kirkdelete(KirkDelete.java:33)
	at AdminTestCases.KirkDelete.kirkdelete(KirkDelete.java:33)
	at AdminTestCases.KirkDelete.kirkdelete(KirkDelete.java:33)
	at AdminTestCases.KirkDelete.kirkdelete(KirkDelete.java:33)
	at AdminTestCases.KirkDelete.kirkdelete(KirkDelete.java:33)
	at AdminTestCases.KirkDelete.kirkdelete(KirkDelete.java:33)
	at AdminTestCases.KirkDelete.kirkdelete(KirkDelete.java:33)
	at AdminTestCases.KirkDelete.kirkdelete(KirkDelete.java:33)
	at AdminTestCases.KirkDelete.kirkdelete(KirkDelete.java:33)
	at AdminTestCases.KirkDelete.kirkdelete(KirkDelete.java:33)
	at AdminTestCases.KirkDelete.kirkdelete(KirkDelete.java:33)
	at AdminTestCases.KirkDelete.kirkdelete(KirkDelete.java:33)
	at AdminTestCases.KirkDelete.kirkdelete(KirkDelete.java:33)
	at AdminTestCases.KirkDelete.kirkdelete(KirkDelete.java:33)
	at AdminTestCases.KirkDelete.kirkdelete(KirkDelete.java:33)
	at AdminTestCases.KirkDelete.kirkdelete(KirkDelete.java:33)
	at AdminTestCases.KirkDelete.kirkdelete(KirkDelete.java:33)
	at AdminTestCases.KirkDelete.kirkdelete(KirkDelete.java:33)
	at AdminTestCases.KirkDelete.kirkdelete(KirkDelete.java:33)
	at AdminTestCases.KirkDelete.kirkdelete(KirkDelete.java:33)
	at AdminTestCases.KirkDelete.kirkdelete(KirkDelete.java:33)
	at AdminTestCases.KirkDelete.kirkdelete(KirkDelete.java:33)
	at AdminTestCases.KirkDelete.kirkdelete(KirkDelete.java:33)
	at AdminTestCases.KirkDelete.kirkdelete(KirkDelete.java:33)
	at AdminTestCases.KirkDelete.kirkdelete(KirkDelete.java:33)
	at AdminTestCases.KirkDelete.kirkdelete(KirkDelete.java:33)
	at AdminTestCases.KirkDelete.kirkdelete(KirkDelete.java:33)
	at AdminTestCases.KirkDelete.kirkdelete(KirkDelete.java:33)
	at AdminTestCases.KirkDelete.kirkdelete(KirkDelete.java:33)
	at AdminTestCases.KirkDelete.kirkdelete(KirkDelete.java:33)
	at AdminTestCases.KirkDelete.kirkdelete(KirkDelete.java:33)
	at AdminTestCases.KirkDelete.kirkdelete(KirkDelete.java:33)
	at AdminTestCases.KirkDelete.kirkdelete(KirkDelete.java:33)
	at AdminTestCases.KirkDelete.kirkdelete(KirkDelete.java:33)
	at AdminTestCases.KirkDelete.kirkdelete(KirkDelete.java:33)
	at AdminTestCases.KirkDelete.kirkdelete(KirkDelete.java:33)
	at AdminTestCases.KirkDelete.kirkdelete(KirkDelete.java:33)
	at AdminTestCases.KirkDelete.kirkdelete(KirkDelete.java:33)
	at AdminTestCases.KirkDelete.kirkdelete(KirkDelete.java:33)
	at AdminTestCases.KirkDelete.kirkdelete(KirkDelete.java:33)
	at AdminTestCases.KirkDelete.kirkdelete(KirkDelete.java:33)
	at AdminTestCases.KirkDelete.kirkdelete(KirkDelete.java:33)
	at AdminTestCases.KirkDelete.kirkdelete(KirkDelete.java:33)
	at AdminTestCases.KirkDelete.kirkdelete(KirkDelete.java:33)
	at AdminTestCases.KirkDelete.kirkdelete(KirkDelete.java:33)
	at AdminTestCases.KirkDelete.kirkdelete(KirkDelete.java:33)
	at AdminTestCases.KirkDelete.kirkdelete(KirkDelete.java:33)
	at AdminTestCases.KirkDelete.kirkdelete(KirkDelete.java:33)
	at AdminTestCases.KirkDelete.kirkdelete(KirkDelete.java:33)
	at AdminTestCases.KirkDelete.kirkdelete(KirkDelete.java:33)
	at AdminTestCases.KirkDelete.kirkdelete(KirkDelete.java:33)
	at AdminTestCases.KirkDelete.kirkdelete(KirkDelete.java:33)
	at AdminTestCases.KirkDelete.kirkdelete(KirkDelete.java:33)
	at AdminTestCases.KirkDelete.kirkdelete(KirkDelete.java:33)
	at AdminTestCases.KirkDelete.kirkdelete(KirkDelete.java:33)
	at AdminTestCases.KirkDelete.kirkdelete(KirkDelete.java:33)
	at AdminTestCases.KirkDelete.kirkdelete(KirkDelete.java:33)
	at AdminTestCases.KirkDelete.kirkdelete(KirkDelete.java:33)
	at AdminTestCases.KirkDelete.kirkdelete(KirkDelete.java:33)
	at AdminTestCases.KirkDelete.kirkdelete(KirkDelete.java:33)
	at AdminTestCases.KirkDelete.kirkdelete(KirkDelete.java:33)
	at AdminTestCases.KirkDelete.kirkdelete(KirkDelete.java:33)
	at AdminTestCases.KirkDelete.kirkdelete(KirkDelete.java:33)
	at AdminTestCases.KirkDelete.kirkdelete(KirkDelete.java:33)
	at AdminTestCases.KirkDelete.kirkdelete(KirkDelete.java:33)
	at AdminTestCases.KirkDelete.kirkdelete(KirkDelete.java:33)
	at AdminTestCases.KirkDelete.kirkdelete(KirkDelete.java:33)
	at AdminTestCases.KirkDelete.kirkdelete(KirkDelete.java:33)
	at AdminTestCases.KirkDelete.kirkdelete(KirkDelete.java:33)
	at AdminTestCases.KirkDelete.kirkdelete(KirkDelete.java:33)
	at AdminTestCases.KirkDelete.kirkdelete(KirkDelete.java:33)
	at AdminTestCases.KirkDelete.kirkdelete(KirkDelete.java:33)
	at AdminTestCases.KirkDelete.kirkdelete(KirkDelete.java:33)
	at AdminTestCases.KirkDelete.kirkdelete(KirkDelete.java:33)
	at AdminTestCases.KirkDelete.kirkdelete(KirkDelete.java:33)
	at AdminTestCases.KirkDelete.kirkdelete(KirkDelete.java:33)
	at AdminTestCases.KirkDelete.kirkdelete(KirkDelete.java:33)
	at AdminTestCases.KirkDelete.kirkdelete(KirkDelete.java:33)
	at AdminTestCases.KirkDelete.kirkdelete(KirkDelete.java:33)
	at AdminTestCases.KirkDelete.kirkdelete(KirkDelete.java:33)
	at AdminTestCases.KirkDelete.kirkdelete(KirkDelete.java:33)
	at AdminTestCases.KirkDelete.kirkdelete(KirkDelete.java:33)
	at AdminTestCases.KirkDelete.kirkdelete(KirkDelete.java:33)
	at AdminTestCases.KirkDelete.kirkdelete(KirkDelete.java:33)
	at AdminTestCases.KirkDelete.kirkdelete(KirkDelete.java:33)
	at AdminTestCases.KirkDelete.kirkdelete(KirkDelete.java:33)
	at AdminTestCases.KirkDelete.kirkdelete(KirkDelete.java:33)
	at AdminTestCases.KirkDelete.kirkdelete(KirkDelete.java:33)
	at AdminTestCases.KirkDelete.kirkdelete(KirkDelete.java:33)
	at AdminTestCases.KirkDelete.kirkdelete(KirkDelete.java:33)
	at AdminTestCases.KirkDelete.kirkdelete(KirkDelete.java:33)
	at AdminTestCases.KirkDelete.kirkdelete(KirkDelete.java:33)
	at AdminTestCases.KirkDelete.kirkdelete(KirkDelete.java:33)
	at AdminTestCases.KirkDelete.kirkdelete(KirkDelete.java:33)
	at AdminTestCases.KirkDelete.kirkdelete(KirkDelete.java:33)
	at AdminTestCases.KirkDelete.kirkdelete(KirkDelete.java:33)
	at AdminTestCases.KirkDelete.kirkdelete(KirkDelete.java:33)
	at AdminTestCases.KirkDelete.kirkdelete(KirkDelete.java:33)
	at AdminTestCases.KirkDelete.kirkdelete(KirkDelete.java:33)
	at AdminTestCases.KirkDelete.kirkdelete(KirkDelete.java:33)
	at AdminTestCases.KirkDelete.kirkdelete(KirkDelete.java:33)
	at AdminTestCases.KirkDelete.kirkdelete(KirkDelete.java:33)
	at AdminTestCases.KirkDelete.kirkdelete(KirkDelete.java:33)
	at AdminTestCases.KirkDelete.kirkdelete(KirkDelete.java:33)
	at AdminTestCases.KirkDelete.kirkdelete(KirkDelete.java:33)
	at AdminTestCases.KirkDelete.kirkdelete(KirkDelete.java:33)
	at AdminTestCases.KirkDelete.kirkdelete(KirkDelete.java:33)
	at AdminTestCases.KirkDelete.kirkdelete(KirkDelete.java:33)
	at AdminTestCases.KirkDelete.kirkdelete(KirkDelete.java:33)
	at AdminTestCases.KirkDelete.kirkdelete(KirkDelete.java:33)
	at AdminTestCases.KirkDelete.kirkdelete(KirkDelete.java:33)
	at AdminTestCases.KirkDelete.kirkdelete(KirkDelete.java:33)
	at AdminTestCases.KirkDelete.kirkdelete(KirkDelete.java:33)
	at AdminTestCases.KirkDelete.kirkdelete(KirkDelete.java:33)
	at AdminTestCases.KirkDelete.kirkdelete(KirkDelete.java:33)
	at AdminTestCases.KirkDelete.kirkdelete(KirkDelete.java:33)
	at AdminTestCases.KirkDelete.kirkdelete(KirkDelete.java:33)
	at AdminTestCases.KirkDelete.kirkdelete(KirkDelete.java:33)
	at AdminTestCases.KirkDelete.kirkdelete(KirkDelete.java:33)
	at AdminTestCases.KirkDelete.kirkdelete(KirkDelete.java:33)
	at AdminTestCases.KirkDelete.kirkdelete(KirkDelete.java:33)
	at AdminTestCases.KirkDelete.kirkdelete(KirkDelete.java:33)
	at AdminTestCases.KirkDelete.kirkdelete(KirkDelete.java:33)
	at AdminTestCases.KirkDelete.kirkdelete(KirkDelete.java:33)
	at AdminTestCases.KirkDelete.kirkdelete(KirkDelete.java:33)
	at AdminTestCases.KirkDelete.kirkdelete(KirkDelete.java:33)
	at AdminTestCases.KirkDelete.kirkdelete(KirkDelete.java:33)
	at AdminTestCases.KirkDelete.kirkdelete(KirkDelete.java:33)
	at AdminTestCases.KirkDelete.kirkdelete(KirkDelete.java:33)
	at AdminTestCases.KirkDelete.kirkdelete(KirkDelete.java:33)
	at AdminTestCases.KirkDelete.kirkdelete(KirkDelete.java:33)
	at AdminTestCases.KirkDelete.kirkdelete(KirkDelete.java:33)
	at AdminTestCases.KirkDelete.kirkdelete(KirkDelete.java:33)
	at AdminTestCases.KirkDelete.kirkdelete(KirkDelete.java:33)
	at AdminTestCases.KirkDelete.kirkdelete(KirkDelete.java:33)
	at AdminTestCases.KirkDelete.kirkdelete(KirkDelete.java:33)
	at AdminTestCases.KirkDelete.kirkdelete(KirkDelete.java:33)
	at AdminTestCases.KirkDelete.kirkdelete(KirkDelete.java:33)
	at AdminTestCases.KirkDelete.kirkdelete(KirkDelete.java:33)
	at AdminTestCases.KirkDelete.kirkdelete(KirkDelete.java:33)
	at AdminTestCases.KirkDelete.kirkdelete(KirkDelete.java:33)
	at AdminTestCases.KirkDelete.kirkdelete(KirkDelete.java:33)
	at AdminTestCases.KirkDelete.kirkdelete(KirkDelete.java:33)
	at AdminTestCases.KirkDelete.kirkdelete(KirkDelete.java:33)
	at AdminTestCases.KirkDelete.kirkdelete(KirkDelete.java:33)
	at AdminTestCases.KirkDelete.kirkdelete(KirkDelete.java:33)
	at AdminTestCases.KirkDelete.kirkdelete(KirkDelete.java:33)
	at AdminTestCases.KirkDelete.kirkdelete(KirkDelete.java:33)
	at AdminTestCases.KirkDelete.kirkdelete(KirkDelete.java:33)
	at AdminTestCases.KirkDelete.kirkdelete(KirkDelete.java:33)
	at AdminTestCases.KirkDelete.kirkdelete(KirkDelete.java:33)
	at AdminTestCases.KirkDelete.kirkdelete(KirkDelete.java:33)
	at AdminTestCases.KirkDelete.kirkdelete(KirkDelete.java:33)
	at AdminTestCases.KirkDelete.kirkdelete(KirkDelete.java:33)
	at AdminTestCases.KirkDelete.kirkdelete(KirkDelete.java:33)
	at AdminTestCases.KirkDelete.kirkdelete(KirkDelete.java:33)
	at AdminTestCases.KirkDelete.kirkdelete(KirkDelete.java:33)
	at AdminTestCases.KirkDelete.kirkdelete(KirkDelete.java:33)
	at AdminTestCases.KirkDelete.kirkdelete(KirkDelete.java:33)
	at AdminTestCases.KirkDelete.kirkdelete(KirkDelete.java:33)
	at AdminTestCases.KirkDelete.kirkdelete(KirkDelete.java:33)
	at AdminTestCases.KirkDelete.kirkdelete(KirkDelete.java:33)
	at AdminTestCases.KirkDelete.kirkdelete(KirkDelete.java:33)
	at AdminTestCases.KirkDelete.kirkdelete(KirkDelete.java:33)
	at AdminTestCases.KirkDelete.kirkdelete(KirkDelete.java:33)
	at AdminTestCases.KirkDelete.kirkdelete(KirkDelete.java:33)
	at AdminTestCases.KirkDelete.kirkdelete(KirkDelete.java:33)
	at AdminTestCases.KirkDelete.kirkdelete(KirkDelete.java:33)
	at AdminTestCases.KirkDelete.kirkdelete(KirkDelete.java:33)
	at AdminTestCases.KirkDelete.kirkdelete(KirkDelete.java:33)
	at AdminTestCases.KirkDelete.kirkdelete(KirkDelete.java:33)
	at AdminTestCases.KirkDelete.kirkdelete(KirkDelete.java:33)
	at AdminTestCases.KirkDelete.kirkdelete(KirkDelete.java:33)
	at AdminTestCases.KirkDelete.kirkdelete(KirkDelete.java:33)
	at AdminTestCases.KirkDelete.kirkdelete(KirkDelete.java:33)
	at AdminTestCases.KirkDelete.kirkdelete(KirkDelete.java:33)
	at AdminTestCases.KirkDelete.kirkdelete(KirkDelete.java:33)
	at AdminTestCases.KirkDelete.kirkdelete(KirkDelete.java:33)
	at AdminTestCases.KirkDelete.kirkdelete(KirkDelete.java:33)
	at AdminTestCases.KirkDelete.kirkdelete(KirkDelete.java:33)
	at AdminTestCases.KirkDelete.kirkdelete(KirkDelete.java:33)
	at AdminTestCases.KirkDelete.kirkdelete(KirkDelete.java:33)
	at AdminTestCases.KirkDelete.kirkdelete(KirkDelete.java:33)
	at AdminTestCases.KirkDelete.kirkdelete(KirkDelete.java:33)
	at AdminTestCases.KirkDelete.kirkdelete(KirkDelete.java:33)
	at AdminTestCases.KirkDelete.kirkdelete(KirkDelete.java:33)
	at AdminTestCases.KirkDelete.kirkdelete(KirkDelete.java:33)
	at AdminTestCases.KirkDelete.kirkdelete(KirkDelete.java:33)
	at AdminTestCases.KirkDelete.kirkdelete(KirkDelete.java:33)
	at AdminTestCases.KirkDelete.kirkdelete(KirkDelete.java:33)
	at AdminTestCases.KirkDelete.kirkdelete(KirkDelete.java:33)
	at AdminTestCases.KirkDelete.kirkdelete(KirkDelete.java:33)
	at AdminTestCases.KirkDelete.kirkdelete(KirkDelete.java:33)
	at AdminTestCases.KirkDelete.kirkdelete(KirkDelete.java:33)
	at AdminTestCases.KirkDelete.kirkdelete(KirkDelete.java:33)
	at AdminTestCases.KirkDelete.kirkdelete(KirkDelete.java:33)
	at AdminTestCases.KirkDelete.kirkdelete(KirkDelete.java:33)
	at AdminTestCases.KirkDelete.kirkdelete(KirkDelete.java:33)
	at AdminTestCases.KirkDelete.kirkdelete(KirkDelete.java:33)
	at AdminTestCases.KirkDelete.kirkdelete(KirkDelete.java:33)
	at AdminTestCases.KirkDelete.kirkdelete(KirkDelete.java:33)
	at AdminTestCases.KirkDelete.kirkdelete(KirkDelete.java:33)
	at AdminTestCases.KirkDelete.kirkdelete(KirkDelete.java:33)
	at AdminTestCases.KirkDelete.kirkdelete(KirkDelete.java:33)
	at AdminTestCases.KirkDelete.kirkdelete(KirkDelete.java:33)
	at AdminTestCases.KirkDelete.kirkdelete(KirkDelete.java:33)
	at AdminTestCases.KirkDelete.kirkdelete(KirkDelete.java:33)
	at AdminTestCases.KirkDelete.kirkdelete(KirkDelete.java:33)
	at AdminTestCases.KirkDelete.kirkdelete(KirkDelete.java:33)
	at AdminTestCases.KirkDelete.kirkdelete(KirkDelete.java:33)
	at AdminTestCases.KirkDelete.kirkdelete(KirkDelete.java:33)
	at AdminTestCases.KirkDelete.kirkdelete(KirkDelete.java:33)
	at AdminTestCases.KirkDelete.kirkdelete(KirkDelete.java:33)
	at AdminTestCases.KirkDelete.kirkdelete(KirkDelete.java:33)
	at AdminTestCases.KirkDelete.kirkdelete(KirkDelete.java:33)
	at AdminTestCases.KirkDelete.kirkdelete(KirkDelete.java:33)
	at AdminTestCases.KirkDelete.kirkdelete(KirkDelete.java:33)
	at AdminTestCases.KirkDelete.kirkdelete(KirkDelete.java:33)
	at AdminTestCases.KirkDelete.kirkdelete(KirkDelete.java:33)
	at AdminTestCases.KirkDelete.kirkdelete(KirkDelete.java:33)
	at AdminTestCases.KirkDelete.kirkdelete(KirkDelete.java:33)
	at AdminTestCases.KirkDelete.kirkdelete(KirkDelete.java:33)
	at AdminTestCases.KirkDelete.kirkdelete(KirkDelete.java:33)
	at AdminTestCases.KirkDelete.kirkdelete(KirkDelete.java:33)
	at AdminTestCases.KirkDelete.kirkdelete(KirkDelete.java:33)
	at AdminTestCases.KirkDelete.kirkdelete(KirkDelete.java:33)
	at AdminTestCases.KirkDelete.kirkdelete(KirkDelete.java:33)
	at AdminTestCases.KirkDelete.kirkdelete(KirkDelete.java:33)
	at AdminTestCases.KirkDelete.kirkdelete(KirkDelete.java:33)
	at AdminTestCases.KirkDelete.kirkdelete(KirkDelete.java:33)
	at AdminTestCases.KirkDelete.kirkdelete(KirkDelete.java:33)
	at AdminTestCases.KirkDelete.kirkdelete(KirkDelete.java:33)
	at AdminTestCases.KirkDelete.kirkdelete(KirkDelete.java:33)
	at AdminTestCases.KirkDelete.kirkdelete(KirkDelete.java:33)
	at AdminTestCases.KirkDelete.kirkdelete(KirkDelete.java:33)
	at AdminTestCases.KirkDelete.kirkdelete(KirkDelete.java:33)
	at AdminTestCases.KirkDelete.kirkdelete(KirkDelete.java:33)
	at AdminTestCases.KirkDelete.kirkdelete(KirkDelete.java:33)
	at AdminTestCases.KirkDelete.kirkdelete(KirkDelete.java:33)
	at AdminTestCases.KirkDelete.kirkdelete(KirkDelete.java:33)
	at AdminTestCases.KirkDelete.kirkdelete(KirkDelete.java:33)
	at AdminTestCases.KirkDelete.kirkdelete(KirkDelete.java:33)
	at AdminTestCases.KirkDelete.kirkdelete(KirkDelete.java:33)
	at AdminTestCases.KirkDelete.kirkdelete(KirkDelete.java:33)
	at AdminTestCases.KirkDelete.kirkdelete(KirkDelete.java:33)
	at AdminTestCases.KirkDelete.kirkdelete(KirkDelete.java:33)
	at AdminTestCases.KirkDelete.kirkdelete(KirkDelete.java:33)
	at AdminTestCases.KirkDelete.kirkdelete(KirkDelete.java:33)
	at AdminTestCases.KirkDelete.kirkdelete(KirkDelete.java:33)
	at AdminTestCases.KirkDelete.kirkdelete(KirkDelete.java:33)
	at AdminTestCases.KirkDelete.kirkdelete(KirkDelete.java:33)
	at AdminTestCases.KirkDelete.kirkdelete(KirkDelete.java:33)
	at AdminTestCases.KirkDelete.kirkdelete(KirkDelete.java:33)
	at AdminTestCases.KirkDelete.kirkdelete(KirkDelete.java:33)
	at AdminTestCases.KirkDelete.kirkdelete(KirkDelete.java:33)
	at AdminTestCases.KirkDelete.kirkdelete(KirkDelete.java:33)
	at AdminTestCases.KirkDelete.kirkdelete(KirkDelete.java:33)
	at AdminTestCases.KirkDelete.kirkdelete(KirkDelete.java:33)
	at AdminTestCases.KirkDelete.kirkdelete(KirkDelete.java:33)
	at AdminTestCases.KirkDelete.kirkdelete(KirkDelete.java:33)
	at AdminTestCases.KirkDelete.kirkdelete(KirkDelete.java:33)
	at AdminTestCases.KirkDelete.kirkdelete(KirkDelete.java:33)
	at AdminTestCases.KirkDelete.kirkdelete(KirkDelete.java:33)
	at AdminTestCases.KirkDelete.kirkdelete(KirkDelete.java:33)
	at AdminTestCases.KirkDelete.kirkdelete(KirkDelete.java:33)
	at AdminTestCases.KirkDelete.kirkdelete(KirkDelete.java:33)
	at AdminTestCases.KirkDelete.kirkdelete(KirkDelete.java:33)
	at AdminTestCases.KirkDelete.kirkdelete(KirkDelete.java:33)
	at AdminTestCases.KirkDelete.kirkdelete(KirkDelete.java:33)
	at AdminTestCases.KirkDelete.kirkdelete(KirkDelete.java:33)
	at AdminTestCases.KirkDelete.kirkdelete(KirkDelete.java:33)
	at AdminTestCases.KirkDelete.kirkdelete(KirkDelete.java:33)
	at AdminTestCases.KirkDelete.kirkdelete(KirkDelete.java:33)
	at AdminTestCases.KirkDelete.kirkdelete(KirkDelete.java:33)
	at AdminTestCases.KirkDelete.kirkdelete(KirkDelete.java:33)
	at AdminTestCases.KirkDelete.kirkdelete(KirkDelete.java:33)
	at AdminTestCases.KirkDelete.kirkdelete(KirkDelete.java:33)
	at AdminTestCases.KirkDelete.kirkdelete(KirkDelete.java:33)
	at AdminTestCases.KirkDelete.kirkdelete(KirkDelete.java:33)
	at AdminTestCases.KirkDelete.kirkdelete(KirkDelete.java:33)
	at AdminTestCases.KirkDelete.kirkdelete(KirkDelete.java:33)
	at AdminTestCases.KirkDelete.kirkdelete(KirkDelete.java:33)
	at AdminTestCases.KirkDelete.kirkdelete(KirkDelete.java:33)
	at AdminTestCases.KirkDelete.kirkdelete(KirkDelete.java:33)
	at AdminTestCases.KirkDelete.kirkdelete(KirkDelete.java:33)
	at AdminTestCases.KirkDelete.kirkdelete(KirkDelete.java:33)
	at AdminTestCases.KirkDelete.kirkdelete(KirkDelete.java:33)
	at AdminTestCases.KirkDelete.kirkdelete(KirkDelete.java:33)
	at AdminTestCases.KirkDelete.kirkdelete(KirkDelete.java:33)
	at AdminTestCases.KirkDelete.kirkdelete(KirkDelete.java:33)
	at AdminTestCases.KirkDelete.kirkdelete(KirkDelete.java:33)
	at AdminTestCases.KirkDelete.kirkdelete(KirkDelete.java:33)
	at AdminTestCases.KirkDelete.kirkdelete(KirkDelete.java:33)
	at AdminTestCases.KirkDelete.kirkdelete(KirkDelete.java:33)
	at AdminTestCases.KirkDelete.kirkdelete(KirkDelete.java:33)
	at AdminTestCases.KirkDelete.kirkdelete(KirkDelete.java:33)
	at AdminTestCases.KirkDelete.kirkdelete(KirkDelete.java:33)
	at AdminTestCases.KirkDelete.kirkdelete(KirkDelete.java:33)
	at AdminTestCases.KirkDelete.kirkdelete(KirkDelete.java:33)
	at AdminTestCases.KirkDelete.kirkdelete(KirkDelete.java:33)
	at AdminTestCases.KirkDelete.kirkdelete(KirkDelete.java:33)
	at AdminTestCases.KirkDelete.kirkdelete(KirkDelete.java:33)
	at AdminTestCases.KirkDelete.kirkdelete(KirkDelete.java:33)
	at AdminTestCases.KirkDelete.kirkdelete(KirkDelete.java:33)
	at AdminTestCases.KirkDelete.kirkdelete(KirkDelete.java:33)
	at AdminTestCases.KirkDelete.kirkdelete(KirkDelete.java:33)
	at AdminTestCases.KirkDelete.kirkdelete(KirkDelete.java:33)
	at AdminTestCases.KirkDelete.kirkdelete(KirkDelete.java:33)
	at AdminTestCases.KirkDelete.kirkdelete(KirkDelete.java:33)
	at AdminTestCases.KirkDelete.kirkdelete(KirkDelete.java:33)
	at AdminTestCases.KirkDelete.kirkdelete(KirkDelete.java:33)
	at AdminTestCases.KirkDelete.kirkdelete(KirkDelete.java:33)
	at AdminTestCases.KirkDelete.kirkdelete(KirkDelete.java:33)
	at AdminTestCases.KirkDelete.kirkdelete(KirkDelete.java:33)
	at AdminTestCases.KirkDelete.kirkdelete(KirkDelete.java:33)
	at AdminTestCases.KirkDelete.kirkdelete(KirkDelete.java:33)
	at AdminTestCases.KirkDelete.kirkdelete(KirkDelete.java:33)
	at AdminTestCases.KirkDelete.kirkdelete(KirkDelete.java:33)
	at AdminTestCases.KirkDelete.kirkdelete(KirkDelete.java:33)
	at AdminTestCases.KirkDelete.kirkdelete(KirkDelete.java:33)
	at AdminTestCases.KirkDelete.kirkdelete(KirkDelete.java:33)
	at AdminTestCases.KirkDelete.kirkdelete(KirkDelete.java:33)
	at AdminTestCases.KirkDelete.kirkdelete(KirkDelete.java:33)
	at AdminTestCases.KirkDelete.kirkdelete(KirkDelete.java:33)
	at AdminTestCases.KirkDelete.kirkdelete(KirkDelete.java:33)
	at AdminTestCases.KirkDelete.kirkdelete(KirkDelete.java:33)
	at AdminTestCases.KirkDelete.kirkdelete(KirkDelete.java:33)
	at AdminTestCases.KirkDelete.kirkdelete(KirkDelete.java:33)
	at AdminTestCases.KirkDelete.kirkdelete(KirkDelete.java:33)
	at AdminTestCases.KirkDelete.kirkdelete(KirkDelete.java:33)
	at AdminTestCases.KirkDelete.kirkdelete(KirkDelete.java:33)
	at AdminTestCases.KirkDelete.kirkdelete(KirkDelete.java:33)
	at AdminTestCases.KirkDelete.kirkdelete(KirkDelete.java:33)
	at AdminTestCases.KirkDelete.kirkdelete(KirkDelete.java:33)
	at AdminTestCases.KirkDelete.kirkdelete(KirkDelete.java:33)
	at AdminTestCases.KirkDelete.kirkdelete(KirkDelete.java:33)
	at AdminTestCases.KirkDelete.kirkdelete(KirkDelete.java:33)
	at AdminTestCases.KirkDelete.kirkdelete(KirkDelete.java:33)
	at AdminTestCases.KirkDelete.kirkdelete(KirkDelete.java:33)
	at AdminTestCases.KirkDelete.kirkdelete(KirkDelete.java:33)
	at AdminTestCases.KirkDelete.kirkdelete(KirkDelete.java:33)
	at AdminTestCases.KirkDelete.kirkdelete(KirkDelete.java:33)
	at AdminTestCases.KirkDelete.kirkdelete(KirkDelete.java:33)
	at AdminTestCases.KirkDelete.kirkdelete(KirkDelete.java:33)
	at AdminTestCases.KirkDelete.kirkdelete(KirkDelete.java:33)
	at AdminTestCases.KirkDelete.kirkdelete(KirkDelete.java:33)
	at AdminTestCases.KirkDelete.kirkdelete(KirkDelete.java:33)
	at AdminTestCases.KirkDelete.kirkdelete(KirkDelete.java:33)
	at AdminTestCases.KirkDelete.kirkdelete(KirkDelete.java:33)
	at AdminTestCases.KirkDelete.kirkdelete(KirkDelete.java:33)
	at AdminTestCases.KirkDelete.kirkdelete(KirkDelete.java:33)
	at AdminTestCases.KirkDelete.kirkdelete(KirkDelete.java:33)
	at AdminTestCases.KirkDelete.kirkdelete(KirkDelete.java:33)
	at AdminTestCases.KirkDelete.kirkdelete(KirkDelete.java:33)
	at AdminTestCases.KirkDelete.kirkdelete(KirkDelete.java:33)
	at AdminTestCases.KirkDelete.kirkdelete(KirkDelete.java:33)
	at AdminTestCases.KirkDelete.kirkdelete(KirkDelete.java:33)
	at AdminTestCases.KirkDelete.kirkdelete(KirkDelete.java:33)
	at AdminTestCases.KirkDelete.kirkdelete(KirkDelete.java:33)
	at AdminTestCases.KirkDelete.kirkdelete(KirkDelete.java:33)
	at AdminTestCases.KirkDelete.kirkdelete(KirkDelete.java:33)
	at AdminTestCases.KirkDelete.kirkdelete(KirkDelete.java:33)
	at AdminTestCases.KirkDelete.kirkdelete(KirkDelete.java:33)
	at AdminTestCases.KirkDelete.kirkdelete(KirkDelete.java:33)
	at AdminTestCases.KirkDelete.kirkdelete(KirkDelete.java:33)
	at AdminTestCases.KirkDelete.kirkdelete(KirkDelete.java:33)
	at AdminTestCases.KirkDelete.kirkdelete(KirkDelete.java:33)
	at AdminTestCases.KirkDelete.kirkdelete(KirkDelete.java:33)
	at AdminTestCases.KirkDelete.kirkdelete(KirkDelete.java:33)
	at AdminTestCases.KirkDelete.kirkdelete(KirkDelete.java:33)
	at AdminTestCases.KirkDelete.kirkdelete(KirkDelete.java:33)
	at AdminTestCases.KirkDelete.kirkdelete(KirkDelete.java:33)
	at AdminTestCases.KirkDelete.kirkdelete(KirkDelete.java:33)
	at AdminTestCases.KirkDelete.kirkdelete(KirkDelete.java:33)
	at AdminTestCases.KirkDelete.kirkdelete(KirkDelete.java:33)
	at AdminTestCases.KirkDelete.kirkdelete(KirkDelete.java:33)
	at AdminTestCases.KirkDelete.kirkdelete(KirkDelete.java:33)
	at AdminTestCases.KirkDelete.kirkdelete(KirkDelete.java:33)
	at AdminTestCases.KirkDelete.kirkdelete(KirkDelete.java:33)
	at AdminTestCases.KirkDelete.kirkdelete(KirkDelete.java:33)
	at AdminTestCases.KirkDelete.kirkdelete(KirkDelete.java:33)
	at AdminTestCases.KirkDelete.kirkdelete(KirkDelete.java:33)
	at AdminTestCases.KirkDelete.kirkdelete(KirkDelete.java:33)
	at AdminTestCases.KirkDelete.kirkdelete(KirkDelete.java:33)
	at AdminTestCases.KirkDelete.kirkdelete(KirkDelete.java:33)
	at AdminTestCases.KirkDelete.kirkdelete(KirkDelete.java:33)
	at AdminTestCases.KirkDelete.kirkdelete(KirkDelete.java:33)
	at AdminTestCases.KirkDelete.kirkdelete(KirkDelete.java:33)
	at AdminTestCases.KirkDelete.kirkdelete(KirkDelete.java:33)
	at AdminTestCases.KirkDelete.kirkdelete(KirkDelete.java:33)
	at AdminTestCases.KirkDelete.kirkdelete(KirkDelete.java:33)
	at AdminTestCases.KirkDelete.kirkdelete(KirkDelete.java:33)
	at AdminTestCases.KirkDelete.kirkdelete(KirkDelete.java:33)
	at AdminTestCases.KirkDelete.kirkdelete(KirkDelete.java:33)
	at AdminTestCases.KirkDelete.kirkdelete(KirkDelete.java:33)
	at AdminTestCases.KirkDelete.kirkdelete(KirkDelete.java:33)
	at AdminTestCases.KirkDelete.kirkdelete(KirkDelete.java:33)
	at AdminTestCases.KirkDelete.kirkdelete(KirkDelete.java:33)
	at AdminTestCases.KirkDelete.kirkdelete(KirkDelete.java:33)
	at AdminTestCases.KirkDelete.kirkdelete(KirkDelete.java:33)
	at AdminTestCases.KirkDelete.kirkdelete(KirkDelete.java:33)
	at AdminTestCases.KirkDelete.kirkdelete(KirkDelete.java:33)
	at AdminTestCases.KirkDelete.kirkdelete(KirkDelete.java:33)
	at AdminTestCases.KirkDelete.kirkdelete(KirkDelete.java:33)
	at AdminTestCases.KirkDelete.kirkdelete(KirkDelete.java:33)
	at AdminTestCases.KirkDelete.kirkdelete(KirkDelete.java:33)
	at AdminTestCases.KirkDelete.kirkdelete(KirkDelete.java:33)
	at AdminTestCases.KirkDelete.kirkdelete(KirkDelete.java:33)
	at AdminTestCases.KirkDelete.kirkdelete(KirkDelete.java:33)
	at AdminTestCases.KirkDelete.kirkdelete(KirkDelete.java:33)
	at AdminTestCases.KirkDelete.kirkdelete(KirkDelete.java:33)
	at AdminTestCases.KirkDelete.kirkdelete(KirkDelete.java:33)
	at AdminTestCases.KirkDelete.kirkdelete(KirkDelete.java:33)
	at AdminTestCases.KirkDelete.kirkdelete(KirkDelete.java:33)
	at AdminTestCases.KirkDelete.kirkdelete(KirkDelete.java:33)
	at AdminTestCases.KirkDelete.kirkdelete(KirkDelete.java:33)
	at AdminTestCases.KirkDelete.kirkdelete(KirkDelete.java:33)
	at AdminTestCases.KirkDelete.kirkdelete(KirkDelete.java:33)
	at AdminTestCases.KirkDelete.kirkdelete(KirkDelete.java:33)
	at AdminTestCases.KirkDelete.kirkdelete(KirkDelete.java:33)
	at AdminTestCases.KirkDelete.kirkdelete(KirkDelete.java:33)
	at AdminTestCases.KirkDelete.kirkdelete(KirkDelete.java:33)
	at AdminTestCases.KirkDelete.kirkdelete(KirkDelete.java:33)
	at AdminTestCases.KirkDelete.kirkdelete(KirkDelete.java:33)
	at AdminTestCases.KirkDelete.kirkdelete(KirkDelete.java:33)
	at AdminTestCases.KirkDelete.kirkdelete(KirkDelete.java:33)
	at AdminTestCases.KirkDelete.kirkdelete(KirkDelete.java:33)
	at AdminTestCases.KirkDelete.kirkdelete(KirkDelete.java:33)
	at AdminTestCases.KirkDelete.kirkdelete(KirkDelete.java:33)
	at AdminTestCases.KirkDelete.kirkdelete(KirkDelete.java:33)
	at AdminTestCases.KirkDelete.kirkdelete(KirkDelete.java:33)
	at AdminTestCases.KirkDelete.kirkdelete(KirkDelete.java:33)
	at AdminTestCases.KirkDelete.kirkdelete(KirkDelete.java:33)
	at AdminTestCases.KirkDelete.kirkdelete(KirkDelete.java:33)
	at AdminTestCases.KirkDelete.kirkdelete(KirkDelete.java:33)
	at AdminTestCases.KirkDelete.kirkdelete(KirkDelete.java:33)
	at AdminTestCases.KirkDelete.kirkdelete(KirkDelete.java:33)
	at AdminTestCases.KirkDelete.kirkdelete(KirkDelete.java:33)
	at AdminTestCases.KirkDelete.kirkdelete(KirkDelete.java:33)
	at AdminTestCases.KirkDelete.kirkdelete(KirkDelete.java:33)
	at AdminTestCases.KirkDelete.kirkdelete(KirkDelete.java:33)
	at AdminTestCases.KirkDelete.kirkdelete(KirkDelete.java:33)
	at AdminTestCases.KirkDelete.kirkdelete(KirkDelete.java:33)
	at AdminTestCases.KirkDelete.kirkdelete(KirkDelete.java:33)
	at AdminTestCases.KirkDelete.kirkdelete(KirkDelete.java:33)
	at AdminTestCases.KirkDelete.kirkdelete(KirkDelete.java:33)
	at AdminTestCases.KirkDelete.kirkdelete(KirkDelete.java:33)
	at AdminTestCases.KirkDelete.kirkdelete(KirkDelete.java:33)
	at AdminTestCases.KirkDelete.kirkdelete(KirkDelete.java:33)
	at AdminTestCases.KirkDelete.kirkdelete(KirkDelete.java:33)
	at AdminTestCases.KirkDelete.kirkdelete(KirkDelete.java:33)
	at AdminTestCases.KirkDelete.kirkdelete(KirkDelete.java:33)
	at AdminTestCases.KirkDelete.kirkdelete(KirkDelete.java:33)
	at AdminTestCases.KirkDelete.kirkdelete(KirkDelete.java:33)
	at AdminTestCases.KirkDelete.kirkdelete(KirkDelete.java:33)
	at AdminTestCases.KirkDelete.kirkdelete(KirkDelete.java:33)
	at AdminTestCases.KirkDelete.kirkdelete(KirkDelete.java:33)
	at AdminTestCases.KirkDelete.kirkdelete(KirkDelete.java:33)
	at AdminTestCases.KirkDelete.kirkdelete(KirkDelete.java:33)
	at AdminTestCases.KirkDelete.kirkdelete(KirkDelete.java:33)
	at AdminTestCases.KirkDelete.kirkdelete(KirkDelete.java:33)
	at AdminTestCases.KirkDelete.kirkdelete(KirkDelete.java:33)
	at AdminTestCases.KirkDelete.kirkdelete(KirkDelete.java:33)
	at AdminTestCases.KirkDelete.kirkdelete(KirkDelete.java:33)
	at AdminTestCases.KirkDelete.kirkdelete(KirkDelete.java:33)
	at AdminTestCases.KirkDelete.kirkdelete(KirkDelete.java:33)
	at AdminTestCases.KirkDelete.kirkdelete(KirkDelete.java:33)
	at AdminTestCases.KirkDelete.kirkdelete(KirkDelete.java:33)
	at AdminTestCases.KirkDelete.kirkdelete(KirkDelete.java:33)
	at AdminTestCases.KirkDelete.kirkdelete(KirkDelete.java:33)
	at AdminTestCases.KirkDelete.kirkdelete(KirkDelete.java:33)
	at AdminTestCases.KirkDelete.kirkdelete(KirkDelete.java:33)
	at AdminTestCases.KirkDelete.kirkdelete(KirkDelete.java:33)
	at AdminTestCases.KirkDelete.kirkdelete(KirkDelete.java:33)
	at AdminTestCases.KirkDelete.kirkdelete(KirkDelete.java:33)
	at AdminTestCases.KirkDelete.kirkdelete(KirkDelete.java:33)
	at AdminTestCases.KirkDelete.kirkdelete(KirkDelete.java:33)
	at AdminTestCases.KirkDelete.kirkdelete(KirkDelete.java:33)
	at AdminTestCases.KirkDelete.kirkdelete(KirkDelete.java:33)
	at AdminTestCases.KirkDelete.kirkdelete(KirkDelete.java:33)
	at AdminTestCases.KirkDelete.kirkdelete(KirkDelete.java:33)
	at AdminTestCases.KirkDelete.kirkdelete(KirkDelete.java:33)
	at AdminTestCases.KirkDelete.kirkdelete(KirkDelete.java:33)
	at AdminTestCases.KirkDelete.kirkdelete(KirkDelete.java:33)
	at AdminTestCases.KirkDelete.kirkdelete(KirkDelete.java:33)
	at AdminTestCases.KirkDelete.kirkdelete(KirkDelete.java:33)
	at AdminTestCases.KirkDelete.kirkdelete(KirkDelete.java:33)
	at AdminTestCases.KirkDelete.kirkdelete(KirkDelete.java:33)
	at AdminTestCases.KirkDelete.kirkdelete(KirkDelete.java:33)
	at AdminTestCases.KirkDelete.kirkdelete(KirkDelete.java:33)
	at AdminTestCases.KirkDelete.kirkdelete(KirkDelete.java:33)
	at AdminTestCases.KirkDelete.kirkdelete(KirkDelete.java:33)
	at AdminTestCases.KirkDelete.kirkdelete(KirkDelete.java:33)
	at AdminTestCases.KirkDelete.kirkdelete(KirkDelete.java:33)
	at AdminTestCases.KirkDelete.kirkdelete(KirkDelete.java:33)
	at AdminTestCases.KirkDelete.kirkdelete(KirkDelete.java:33)
	at AdminTestCases.KirkDelete.kirkdelete(KirkDelete.java:33)
	at AdminTestCases.KirkDelete.kirkdelete(KirkDelete.java:33)
	at AdminTestCases.KirkDelete.kirkdelete(KirkDelete.java:33)
	at AdminTestCases.KirkDelete.kirkdelete(KirkDelete.java:33)
	at AdminTestCases.KirkDelete.kirkdelete(KirkDelete.java:33)
	at AdminTestCases.KirkDelete.kirkdelete(KirkDelete.java:33)
	at AdminTestCases.KirkDelete.kirkdelete(KirkDelete.java:33)
	at AdminTestCases.KirkDelete.kirkdelete(KirkDelete.java:33)
	at AdminTestCases.KirkDelete.kirkdelete(KirkDelete.java:33)
	at AdminTestCases.KirkDelete.kirkdelete(KirkDelete.java:33)
	at AdminTestCases.KirkDelete.kirkdelete(KirkDelete.java:33)
	at AdminTestCases.KirkDelete.kirkdelete(KirkDelete.java:33)
	at AdminTestCases.KirkDelete.kirkdelete(KirkDelete.java:33)
	at AdminTestCases.KirkDelete.kirkdelete(KirkDelete.java:33)
	at AdminTestCases.KirkDelete.kirkdelete(KirkDelete.java:33)
	at AdminTestCases.KirkDelete.kirkdelete(KirkDelete.java:33)
	at AdminTestCases.KirkDelete.kirkdelete(KirkDelete.java:33)
	at AdminTestCases.KirkDelete.kirkdelete(KirkDelete.java:33)
	at AdminTestCases.KirkDelete.kirkdelete(KirkDelete.java:33)
	at AdminTestCases.KirkDelete.kirkdelete(KirkDelete.java:33)
	at AdminTestCases.KirkDelete.kirkdelete(KirkDelete.java:33)
	at AdminTestCases.KirkDelete.kirkdelete(KirkDelete.java:33)
	at AdminTestCases.KirkDelete.kirkdelete(KirkDelete.java:33)
	at AdminTestCases.KirkDelete.kirkdelete(KirkDelete.java:33)
	at AdminTestCases.KirkDelete.kirkdelete(KirkDelete.java:33)
	at AdminTestCases.KirkDelete.kirkdelete(KirkDelete.java:33)
	at AdminTestCases.KirkDelete.kirkdelete(KirkDelete.java:33)
	at AdminTestCases.KirkDelete.kirkdelete(KirkDelete.java:33)
	at AdminTestCases.KirkDelete.kirkdelete(KirkDelete.java:33)
	at AdminTestCases.KirkDelete.kirkdelete(KirkDelete.java:33)
	at AdminTestCases.KirkDelete.kirkdelete(KirkDelete.java:33)
	at AdminTestCases.KirkDelete.kirkdelete(KirkDelete.java:33)
	at AdminTestCases.KirkDelete.kirkdelete(KirkDelete.java:33)
	at AdminTestCases.KirkDelete.kirkdelete(KirkDelete.java:33)
	at AdminTestCases.KirkDelete.kirkdelete(KirkDelete.java:33)
	at AdminTestCases.KirkDelete.kirkdelete(KirkDelete.java:33)
	at AdminTestCases.KirkDelete.kirkdelete(KirkDelete.java:33)
	at AdminTestCases.KirkDelete.kirkdelete(KirkDelete.java:33)
	at AdminTestCases.KirkDelete.kirkdelete(KirkDelete.java:33)
	at AdminTestCases.KirkDelete.kirkdelete(KirkDelete.java:33)
	at AdminTestCases.KirkDelete.kirkdelete(KirkDelete.java:33)
	at AdminTestCases.KirkDelete.kirkdelete(KirkDelete.java:33)
	at AdminTestCases.KirkDelete.kirkdelete(KirkDelete.java:33)
	at AdminTestCases.KirkDelete.kirkdelete(KirkDelete.java:33)
	at AdminTestCases.KirkDelete.kirkdelete(KirkDelete.java:33)
	at AdminTestCases.KirkDelete.kirkdelete(KirkDelete.java:33)
	at AdminTestCases.KirkDelete.kirkdelete(KirkDelete.java:33)
	at AdminTestCases.KirkDelete.kirkdelete(KirkDelete.java:33)
	at AdminTestCases.KirkDelete.kirkdelete(KirkDelete.java:33)
	at AdminTestCases.KirkDelete.kirkdelete(KirkDelete.java:33)
	at AdminTestCases.KirkDelete.kirkdelete(KirkDelete.java:33)
	at AdminTestCases.KirkDelete.kirkdelete(KirkDelete.java:33)
	at AdminTestCases.KirkDelete.kirkdelete(KirkDelete.java:33)
	at AdminTestCases.KirkDelete.kirkdelete(KirkDelete.java:33)
	at AdminTestCases.KirkDelete.kirkdelete(KirkDelete.java:33)
	at AdminTestCases.KirkDelete.kirkdelete(KirkDelete.java:33)
	at AdminTestCases.KirkDelete.kirkdelete(KirkDelete.java:33)
	at AdminTestCases.KirkDelete.kirkdelete(KirkDelete.java:33)
	at AdminTestCases.KirkDelete.kirkdelete(KirkDelete.java:33)
	at AdminTestCases.KirkDelete.kirkdelete(KirkDelete.java:33)
	at AdminTestCases.KirkDelete.kirkdelete(KirkDelete.java:33)
	at AdminTestCases.KirkDelete.kirkdelete(KirkDelete.java:33)
	at AdminTestCases.KirkDelete.kirkdelete(KirkDelete.java:33)
	at AdminTestCases.KirkDelete.kirkdelete(KirkDelete.java:33)
]]>
    </error>
  </testcase> <!-- kirkdelete -->
</testsuite> <!-- AdminTestCases.KirkDelete -->
