<?xml version="1.0" encoding="UTF-8"?>
<!-- Generated by org.testng.reporters.JUnitReportReporter -->
<testsuite skipped="0" hostname="Sumits-MacBook-Pro.local" name="WebsiteTestCases.TC1_LoginLogout" tests="1" failures="0" timestamp="06 Jan 2018 12:12:04 GMT" time="3.586" errors="0">
  <testcase name="login" time="3.586" classname="WebsiteTestCases.TC1_LoginLogout"/>
</testsuite> <!-- WebsiteTestCases.TC1_LoginLogout -->
