<?xml version="1.0" encoding="UTF-8"?>
<!-- Generated by org.testng.reporters.JUnitReportReporter -->
<testsuite skipped="0" hostname="Sumits-MacBook-Pro.local" name="automateBilling.testCasesToBeExecute" tests="1" failures="0" timestamp="11 Apr 2018 08:43:52 GMT" time="10.499" errors="0">
  <testcase name="getCustomerDetails" time="10.499" classname="automateBilling.testCasesToBeExecute"/>
</testsuite> <!-- automateBilling.testCasesToBeExecute -->
