<?xml version="1.0" encoding="UTF-8"?>
<!-- Generated by org.testng.reporters.JUnitReportReporter -->
<testsuite skipped="0" hostname="Sumits-MacBook-Pro.local" name="WebsiteTestCases.TC3_SimOrder" tests="1" failures="0" timestamp="06 Jan 2018 12:12:04 GMT" time="150.791" errors="0">
  <testcase name="normalflow" time="150.791" classname="WebsiteTestCases.TC3_SimOrder"/>
</testsuite> <!-- WebsiteTestCases.TC3_SimOrder -->
