<?xml version="1.0" encoding="UTF-8"?>
<!-- Generated by org.testng.reporters.JUnitReportReporter -->
<testsuite skipped="0" hostname="Sumits-MacBook-Pro.local" name="testCases.AdminTC" tests="1" failures="0" timestamp="12 Nov 2017 09:39:10 GMT" time="13.373" errors="0">
  <testcase name="admin" time="13.373" classname="testCases.AdminTC"/>
</testsuite> <!-- testCases.AdminTC -->
