<?xml version="1.0" encoding="UTF-8"?>
<!-- Generated by org.testng.reporters.JUnitReportReporter -->
<testsuite skipped="0" hostname="Sumits-MacBook-Pro.local" name="WebsiteTestCases.TC8_PhoneOnly" tests="1" failures="0" timestamp="08 Jan 2018 23:15:22 GMT" time="42.514" errors="0">
  <testcase name="phoneOnly" time="42.514" classname="WebsiteTestCases.TC8_PhoneOnly"/>
</testsuite> <!-- WebsiteTestCases.TC8_PhoneOnly -->
