<?xml version="1.0" encoding="UTF-8"?>
<!-- Generated by org.testng.reporters.JUnitReportReporter -->
<testsuite skipped="0" hostname="Sumits-MacBook-Pro.local" name="AdminTestCases.KirkTestCase" tests="4" failures="0" timestamp="28 Dec 2017 18:08:07 GMT" time="8.286" errors="0">
  <testcase name="testkirkdelete" time="2.053" classname="AdminTestCases.KirkTestCase"/>
  <testcase name="testkirkdelete" time="2.121" classname="AdminTestCases.KirkTestCase"/>
  <testcase name="testkirkdelete" time="2.059" classname="AdminTestCases.KirkTestCase"/>
  <testcase name="testkirkdelete" time="2.053" classname="AdminTestCases.KirkTestCase"/>
</testsuite> <!-- AdminTestCases.KirkTestCase -->
