<?xml version="1.0" encoding="UTF-8"?>
<!-- Generated by org.testng.reporters.JUnitReportReporter -->
<testsuite skipped="0" hostname="Sumits-MacBook-Pro.local" name="testCases.TestCase1" tests="1" failures="0" timestamp="17 Dec 2017 15:08:49 GMT" time="6.402" errors="0">
  <testcase name="normalflow" time="6.402" classname="testCases.TestCase1"/>
</testsuite> <!-- testCases.TestCase1 -->
