<?xml version="1.0" encoding="UTF-8"?>
<!-- Generated by org.testng.reporters.JUnitReportReporter -->
<testsuite skipped="0" hostname="Sumits-MacBook-Pro.local" name="testCases.TestCase1" tests="1" failures="0" timestamp="17 Nov 2017 08:57:40 GMT" time="48.952" errors="0">
  <testcase name="normalflow" time="48.952" classname="testCases.TestCase1"/>
</testsuite> <!-- testCases.TestCase1 -->
