<?xml version="1.0" encoding="UTF-8"?>
<!-- Generated by org.testng.reporters.JUnitReportReporter -->
<testsuite skipped="0" hostname="Sumits-MacBook-Pro.local" name="WebsiteTestCases.TC8_PhoneOnly" tests="1" failures="0" timestamp="19 Dec 2017 15:51:36 GMT" time="37.436" errors="0">
  <testcase name="phoneOnly" time="37.436" classname="WebsiteTestCases.TC8_PhoneOnly"/>
</testsuite> <!-- WebsiteTestCases.TC8_PhoneOnly -->
