<?xml version="1.0" encoding="UTF-8"?>
<!-- Generated by org.testng.reporters.JUnitReportReporter -->
<testsuite skipped="0" hostname="Sumits-MacBook-Pro.local" name="WebsiteTestCases.TC4_PortIn" tests="1" failures="0" timestamp="19 Dec 2017 09:04:11 GMT" time="63.770" errors="0">
  <testcase name="portinUser" time="63.770" classname="WebsiteTestCases.TC4_PortIn"/>
</testsuite> <!-- WebsiteTestCases.TC4_PortIn -->
