<?xml version="1.0" encoding="UTF-8"?>
<!-- Generated by org.testng.reporters.JUnitReportReporter -->
<testsuite skipped="0" hostname="Sumits-MacBook-Pro.local" name="WebsiteTestCases.TC3_SimOrder" tests="1" failures="0" timestamp="20 Mar 2018 07:05:51 GMT" time="262.755" errors="0">
  <testcase name="normalflow" time="262.755" classname="WebsiteTestCases.TC3_SimOrder"/>
</testsuite> <!-- WebsiteTestCases.TC3_SimOrder -->
