<?xml version="1.0" encoding="UTF-8"?>
<!-- Generated by org.testng.reporters.JUnitReportReporter -->
<testsuite skipped="0" hostname="Sumits-MacBook-Pro.local" name="automateBilling.kirkTestCasetoBeExecute" tests="1" failures="0" timestamp="13 Mar 2018 05:33:25 GMT" time="6.912" errors="0">
  <testcase name="logintokirk" time="6.912" classname="automateBilling.kirkTestCasetoBeExecute"/>
</testsuite> <!-- automateBilling.kirkTestCasetoBeExecute -->
