<?xml version="1.0" encoding="UTF-8"?>
<!-- Generated by org.testng.reporters.JUnitReportReporter -->
<testsuite skipped="0" hostname="Sumits-MacBook-Pro.local" name="testCases.TestCase1" tests="2" failures="0" timestamp="09 Oct 2017 07:49:10 GMT" time="32.996" errors="0">
  <testcase name="testcase2" time="8.197" classname="testCases.TestCase1"/>
  <testcase name="testcase1" time="24.799" classname="testCases.TestCase1"/>
</testsuite> <!-- testCases.TestCase1 -->
