<?xml version="1.0" encoding="UTF-8"?>
<!-- Generated by org.testng.reporters.JUnitReportReporter -->
<testsuite skipped="0" hostname="Sumits-MacBook-Pro.local" name="automateBilling.testCasesToBeExecute" tests="1" failures="0" timestamp="09 Mar 2018 10:53:19 GMT" time="10.002" errors="0">
  <testcase name="CheckBill" time="10.002" classname="automateBilling.testCasesToBeExecute"/>
</testsuite> <!-- automateBilling.testCasesToBeExecute -->
