<?xml version="1.0" encoding="UTF-8"?>
<!-- Generated by org.testng.reporters.JUnitReportReporter -->
<testsuite skipped="0" hostname="Sumits-MacBook-Pro.local" name="WebsiteTestCases.TC3_SimOrder" tests="1" failures="0" timestamp="03 Jan 2018 15:43:16 GMT" time="129.533" errors="0">
  <testcase name="normalflow" time="129.533" classname="WebsiteTestCases.TC3_SimOrder"/>
</testsuite> <!-- WebsiteTestCases.TC3_SimOrder -->
