<?xml version="1.0" encoding="UTF-8"?>
<!-- Generated by org.testng.reporters.JUnitReportReporter -->
<testsuite skipped="0" hostname="Sumits-MacBook-Pro.local" name="WebsiteTestCases.TC1_LoginLogout" tests="2" failures="0" timestamp="19 Dec 2017 06:27:37 GMT" time="8.335" errors="0">
  <testcase name="login" time="6.935" classname="WebsiteTestCases.TC1_LoginLogout"/>
  <testcase name="logout" time="1.400" classname="WebsiteTestCases.TC1_LoginLogout"/>
</testsuite> <!-- WebsiteTestCases.TC1_LoginLogout -->
