<?xml version="1.0" encoding="UTF-8"?>
<!-- Generated by org.testng.reporters.JUnitReportReporter -->
<testsuite skipped="0" hostname="Sumits-MacBook-Pro.local" name="WebsiteTestCases.TC9_CustomisePlan" tests="1" failures="0" timestamp="21 Dec 2017 06:10:40 GMT" time="40.532" errors="0">
  <testcase name="customisePlan" time="40.532" classname="WebsiteTestCases.TC9_CustomisePlan"/>
</testsuite> <!-- WebsiteTestCases.TC9_CustomisePlan -->
