<?xml version="1.0" encoding="UTF-8"?>
<!-- Generated by org.testng.reporters.JUnitReportReporter -->
<testsuite skipped="0" hostname="Sumits-MacBook-Pro.local" name="WebsiteTestCases.TC9_CustomisePlan" tests="1" failures="0" timestamp="09 Mar 2018 15:08:04 GMT" time="6.194" errors="0">
  <testcase name="customisePlan" time="6.194" classname="WebsiteTestCases.TC9_CustomisePlan"/>
</testsuite> <!-- WebsiteTestCases.TC9_CustomisePlan -->
