<?xml version="1.0" encoding="UTF-8"?>
<!-- Generated by org.testng.reporters.JUnitReportReporter -->
<testsuite skipped="0" hostname="Sumits-MacBook-Pro.local" name="WebsiteTestCases.TC3_SimOrder" tests="1" failures="0" timestamp="28 Dec 2017 16:51:44 GMT" time="105.200" errors="0">
  <testcase name="normalflow" time="105.200" classname="WebsiteTestCases.TC3_SimOrder"/>
</testsuite> <!-- WebsiteTestCases.TC3_SimOrder -->
