<?xml version="1.0" encoding="UTF-8"?>
<!-- Generated by org.testng.reporters.JUnitReportReporter -->
<testsuite skipped="0" hostname="Sumits-MacBook-Pro.local" name="WebsiteTestCases.TC1_LoginLogout" tests="1" failures="0" timestamp="28 Dec 2017 03:47:10 GMT" time="16.342" errors="0">
  <testcase name="login" time="16.342" classname="WebsiteTestCases.TC1_LoginLogout"/>
</testsuite> <!-- WebsiteTestCases.TC1_LoginLogout -->
