<?xml version="1.0" encoding="UTF-8"?>
<!-- Generated by org.testng.reporters.JUnitReportReporter -->
<testsuite skipped="0" hostname="Sumits-MacBook-Pro.local" name="automateBilling.testCasesToBeExecute" tests="1" failures="0" timestamp="14 Mar 2018 09:15:54 GMT" time="13.340" errors="0">
  <testcase name="getCustomerDetails" time="13.340" classname="automateBilling.testCasesToBeExecute"/>
</testsuite> <!-- automateBilling.testCasesToBeExecute -->
