<?xml version="1.0" encoding="UTF-8"?>
<!-- Generated by org.testng.reporters.JUnitReportReporter -->
<testsuite skipped="0" hostname="Sumits-MacBook-Pro.local" name="WebsiteTestCases.TC1_LoginLogout" tests="1" failures="0" timestamp="03 Jan 2018 15:40:43 GMT" time="3.748" errors="0">
  <testcase name="login" time="3.748" classname="WebsiteTestCases.TC1_LoginLogout"/>
</testsuite> <!-- WebsiteTestCases.TC1_LoginLogout -->
