<?xml version="1.0" encoding="UTF-8"?>
<!-- Generated by org.testng.reporters.JUnitReportReporter -->
<testsuite skipped="0" hostname="Ahalyas-MacBook-Pro.local" name="WebsiteTestCases.TC1_LoginLogout" tests="1" failures="0" timestamp="04 Jan 2018 02:13:13 GMT" time="3.803" errors="0">
  <testcase name="login" time="3.803" classname="WebsiteTestCases.TC1_LoginLogout"/>
</testsuite> <!-- WebsiteTestCases.TC1_LoginLogout -->
