<?xml version="1.0" encoding="UTF-8"?>
<!-- Generated by org.testng.reporters.JUnitReportReporter -->
<testsuite skipped="0" hostname="Sumits-MacBook-Pro.local" name="AdminTestCases.AdminTC" tests="1" failures="0" timestamp="28 Dec 2017 05:55:56 GMT" time="0.009" errors="1">
  <testcase name="deleteKirk" time="0.009" classname="AdminTestCases.AdminTC">
    <error type="java.lang.StackOverflowError">
      <![CDATA[java.lang.StackOverflowError
	at AdminTestCases.KirkDelete.kirkdelete(KirkDelete.java:33)
	at AdminTestCases.KirkDelete.kirkdelete(KirkDelete.java:33)
	at AdminTestCases.KirkDelete.kirkdelete(KirkDelete.java:33)
	at AdminTestCases.KirkDelete.kirkdelete(KirkDelete.java:33)
	at AdminTestCases.KirkDelete.kirkdelete(KirkDelete.java:33)
	at AdminTestCases.KirkDelete.kirkdelete(KirkDelete.java:33)
	at AdminTestCases.KirkDelete.kirkdelete(KirkDelete.java:33)
	at AdminTestCases.KirkDelete.kirkdelete(KirkDelete.java:33)
	at AdminTestCases.KirkDelete.kirkdelete(KirkDelete.java:33)
	at AdminTestCases.KirkDelete.kirkdelete(KirkDelete.java:33)
	at AdminTestCases.KirkDelete.kirkdelete(KirkDelete.java:33)
	at AdminTestCases.KirkDelete.kirkdelete(KirkDelete.java:33)
	at AdminTestCases.KirkDelete.kirkdelete(KirkDelete.java:33)
	at AdminTestCases.KirkDelete.kirkdelete(KirkDelete.java:33)
	at AdminTestCases.KirkDelete.kirkdelete(KirkDelete.java:33)
	at AdminTestCases.KirkDelete.kirkdelete(KirkDelete.java:33)
	at AdminTestCases.KirkDelete.kirkdelete(KirkDelete.java:33)
	at AdminTestCases.KirkDelete.kirkdelete(KirkDelete.java:33)
	at AdminTestCases.KirkDelete.kirkdelete(KirkDelete.java:33)
	at AdminTestCases.KirkDelete.kirkdelete(KirkDelete.java:33)
	at AdminTestCases.KirkDelete.kirkdelete(KirkDelete.java:33)
	at AdminTestCases.KirkDelete.kirkdelete(KirkDelete.java:33)
	at AdminTestCases.KirkDelete.kirkdelete(KirkDelete.java:33)
	at AdminTestCases.KirkDelete.kirkdelete(KirkDelete.java:33)
	at AdminTestCases.KirkDelete.kirkdelete(KirkDelete.java:33)
	at AdminTestCases.KirkDelete.kirkdelete(KirkDelete.java:33)
	at AdminTestCases.KirkDelete.kirkdelete(KirkDelete.java:33)
	at AdminTestCases.KirkDelete.kirkdelete(KirkDelete.java:33)
	at AdminTestCases.KirkDelete.kirkdelete(KirkDelete.java:33)
	at AdminTestCases.KirkDelete.kirkdelete(KirkDelete.java:33)
	at AdminTestCases.KirkDelete.kirkdelete(KirkDelete.java:33)
	at AdminTestCases.KirkDelete.kirkdelete(KirkDelete.java:33)
	at AdminTestCases.KirkDelete.kirkdelete(KirkDelete.java:33)
	at AdminTestCases.KirkDelete.kirkdelete(KirkDelete.java:33)
	at AdminTestCases.KirkDelete.kirkdelete(KirkDelete.java:33)
	at AdminTestCases.KirkDelete.kirkdelete(KirkDelete.java:33)
	at AdminTestCases.KirkDelete.kirkdelete(KirkDelete.java:33)
	at AdminTestCases.KirkDelete.kirkdelete(KirkDelete.java:33)
	at AdminTestCases.KirkDelete.kirkdelete(KirkDelete.java:33)
	at AdminTestCases.KirkDelete.kirkdelete(KirkDelete.java:33)
	at AdminTestCases.KirkDelete.kirkdelete(KirkDelete.java:33)
	at AdminTestCases.KirkDelete.kirkdelete(KirkDelete.java:33)
	at AdminTestCases.KirkDelete.kirkdelete(KirkDelete.java:33)
	at AdminTestCases.KirkDelete.kirkdelete(KirkDelete.java:33)
	at AdminTestCases.KirkDelete.kirkdelete(KirkDelete.java:33)
	at AdminTestCases.KirkDelete.kirkdelete(KirkDelete.java:33)
	at AdminTestCases.KirkDelete.kirkdelete(KirkDelete.java:33)
	at AdminTestCases.KirkDelete.kirkdelete(KirkDelete.java:33)
	at AdminTestCases.KirkDelete.kirkdelete(KirkDelete.java:33)
	at AdminTestCases.KirkDelete.kirkdelete(KirkDelete.java:33)
	at AdminTestCases.KirkDelete.kirkdelete(KirkDelete.java:33)
	at AdminTestCases.KirkDelete.kirkdelete(KirkDelete.java:33)
	at AdminTestCases.KirkDelete.kirkdelete(KirkDelete.java:33)
	at AdminTestCases.KirkDelete.kirkdelete(KirkDelete.java:33)
	at AdminTestCases.KirkDelete.kirkdelete(KirkDelete.java:33)
	at AdminTestCases.KirkDelete.kirkdelete(KirkDelete.java:33)
	at AdminTestCases.KirkDelete.kirkdelete(KirkDelete.java:33)
	at AdminTestCases.KirkDelete.kirkdelete(KirkDelete.java:33)
	at AdminTestCases.KirkDelete.kirkdelete(KirkDelete.java:33)
	at AdminTestCases.KirkDelete.kirkdelete(KirkDelete.java:33)
	at AdminTestCases.KirkDelete.kirkdelete(KirkDelete.java:33)
	at AdminTestCases.KirkDelete.kirkdelete(KirkDelete.java:33)
	at AdminTestCases.KirkDelete.kirkdelete(KirkDelete.java:33)
	at AdminTestCases.KirkDelete.kirkdelete(KirkDelete.java:33)
	at AdminTestCases.KirkDelete.kirkdelete(KirkDelete.java:33)
	at AdminTestCases.KirkDelete.kirkdelete(KirkDelete.java:33)
	at AdminTestCases.KirkDelete.kirkdelete(KirkDelete.java:33)
	at AdminTestCases.KirkDelete.kirkdelete(KirkDelete.java:33)
	at AdminTestCases.KirkDelete.kirkdelete(KirkDelete.java:33)
	at AdminTestCases.KirkDelete.kirkdelete(KirkDelete.java:33)
	at AdminTestCases.KirkDelete.kirkdelete(KirkDelete.java:33)
	at AdminTestCases.KirkDelete.kirkdelete(KirkDelete.java:33)
	at AdminTestCases.KirkDelete.kirkdelete(KirkDelete.java:33)
	at AdminTestCases.KirkDelete.kirkdelete(KirkDelete.java:33)
	at AdminTestCases.KirkDelete.kirkdelete(KirkDelete.java:33)
	at AdminTestCases.KirkDelete.kirkdelete(KirkDelete.java:33)
	at AdminTestCases.KirkDelete.kirkdelete(KirkDelete.java:33)
	at AdminTestCases.KirkDelete.kirkdelete(KirkDelete.java:33)
	at AdminTestCases.KirkDelete.kirkdelete(KirkDelete.java:33)
	at AdminTestCases.KirkDelete.kirkdelete(KirkDelete.java:33)
	at AdminTestCases.KirkDelete.kirkdelete(KirkDelete.java:33)
	at AdminTestCases.KirkDelete.kirkdelete(KirkDelete.java:33)
	at AdminTestCases.KirkDelete.kirkdelete(KirkDelete.java:33)
	at AdminTestCases.KirkDelete.kirkdelete(KirkDelete.java:33)
	at AdminTestCases.KirkDelete.kirkdelete(KirkDelete.java:33)
	at AdminTestCases.KirkDelete.kirkdelete(KirkDelete.java:33)
	at AdminTestCases.KirkDelete.kirkdelete(KirkDelete.java:33)
	at AdminTestCases.KirkDelete.kirkdelete(KirkDelete.java:33)
	at AdminTestCases.KirkDelete.kirkdelete(KirkDelete.java:33)
	at AdminTestCases.KirkDelete.kirkdelete(KirkDelete.java:33)
	at AdminTestCases.KirkDelete.kirkdelete(KirkDelete.java:33)
	at AdminTestCases.KirkDelete.kirkdelete(KirkDelete.java:33)
	at AdminTestCases.KirkDelete.kirkdelete(KirkDelete.java:33)
	at AdminTestCases.KirkDelete.kirkdelete(KirkDelete.java:33)
	at AdminTestCases.KirkDelete.kirkdelete(KirkDelete.java:33)
	at AdminTestCases.KirkDelete.kirkdelete(KirkDelete.java:33)
	at AdminTestCases.KirkDelete.kirkdelete(KirkDelete.java:33)
	at AdminTestCases.KirkDelete.kirkdelete(KirkDelete.java:33)
	at AdminTestCases.KirkDelete.kirkdelete(KirkDelete.java:33)
	at AdminTestCases.KirkDelete.kirkdelete(KirkDelete.java:33)
	at AdminTestCases.KirkDelete.kirkdelete(KirkDelete.java:33)
	at AdminTestCases.KirkDelete.kirkdelete(KirkDelete.java:33)
	at AdminTestCases.KirkDelete.kirkdelete(KirkDelete.java:33)
	at AdminTestCases.KirkDelete.kirkdelete(KirkDelete.java:33)
	at AdminTestCases.KirkDelete.kirkdelete(KirkDelete.java:33)
	at AdminTestCases.KirkDelete.kirkdelete(KirkDelete.java:33)
	at AdminTestCases.KirkDelete.kirkdelete(KirkDelete.java:33)
	at AdminTestCases.KirkDelete.kirkdelete(KirkDelete.java:33)
	at AdminTestCases.KirkDelete.kirkdelete(KirkDelete.java:33)
	at AdminTestCases.KirkDelete.kirkdelete(KirkDelete.java:33)
	at AdminTestCases.KirkDelete.kirkdelete(KirkDelete.java:33)
	at AdminTestCases.KirkDelete.kirkdelete(KirkDelete.java:33)
	at AdminTestCases.KirkDelete.kirkdelete(KirkDelete.java:33)
	at AdminTestCases.KirkDelete.kirkdelete(KirkDelete.java:33)
	at AdminTestCases.KirkDelete.kirkdelete(KirkDelete.java:33)
	at AdminTestCases.KirkDelete.kirkdelete(KirkDelete.java:33)
	at AdminTestCases.KirkDelete.kirkdelete(KirkDelete.java:33)
	at AdminTestCases.KirkDelete.kirkdelete(KirkDelete.java:33)
	at AdminTestCases.KirkDelete.kirkdelete(KirkDelete.java:33)
	at AdminTestCases.KirkDelete.kirkdelete(KirkDelete.java:33)
	at AdminTestCases.KirkDelete.kirkdelete(KirkDelete.java:33)
	at AdminTestCases.KirkDelete.kirkdelete(KirkDelete.java:33)
	at AdminTestCases.KirkDelete.kirkdelete(KirkDelete.java:33)
	at AdminTestCases.KirkDelete.kirkdelete(KirkDelete.java:33)
	at AdminTestCases.KirkDelete.kirkdelete(KirkDelete.java:33)
	at AdminTestCases.KirkDelete.kirkdelete(KirkDelete.java:33)
	at AdminTestCases.KirkDelete.kirkdelete(KirkDelete.java:33)
	at AdminTestCases.KirkDelete.kirkdelete(KirkDelete.java:33)
	at AdminTestCases.KirkDelete.kirkdelete(KirkDelete.java:33)
	at AdminTestCases.KirkDelete.kirkdelete(KirkDelete.java:33)
	at AdminTestCases.KirkDelete.kirkdelete(KirkDelete.java:33)
	at AdminTestCases.KirkDelete.kirkdelete(KirkDelete.java:33)
	at AdminTestCases.KirkDelete.kirkdelete(KirkDelete.java:33)
	at AdminTestCases.KirkDelete.kirkdelete(KirkDelete.java:33)
	at AdminTestCases.KirkDelete.kirkdelete(KirkDelete.java:33)
	at AdminTestCases.KirkDelete.kirkdelete(KirkDelete.java:33)
	at AdminTestCases.KirkDelete.kirkdelete(KirkDelete.java:33)
	at AdminTestCases.KirkDelete.kirkdelete(KirkDelete.java:33)
	at AdminTestCases.KirkDelete.kirkdelete(KirkDelete.java:33)
	at AdminTestCases.KirkDelete.kirkdelete(KirkDelete.java:33)
	at AdminTestCases.KirkDelete.kirkdelete(KirkDelete.java:33)
	at AdminTestCases.KirkDelete.kirkdelete(KirkDelete.java:33)
	at AdminTestCases.KirkDelete.kirkdelete(KirkDelete.java:33)
	at AdminTestCases.KirkDelete.kirkdelete(KirkDelete.java:33)
	at AdminTestCases.KirkDelete.kirkdelete(KirkDelete.java:33)
	at AdminTestCases.KirkDelete.kirkdelete(KirkDelete.java:33)
	at AdminTestCases.KirkDelete.kirkdelete(KirkDelete.java:33)
	at AdminTestCases.KirkDelete.kirkdelete(KirkDelete.java:33)
	at AdminTestCases.KirkDelete.kirkdelete(KirkDelete.java:33)
	at AdminTestCases.KirkDelete.kirkdelete(KirkDelete.java:33)
	at AdminTestCases.KirkDelete.kirkdelete(KirkDelete.java:33)
	at AdminTestCases.KirkDelete.kirkdelete(KirkDelete.java:33)
	at AdminTestCases.KirkDelete.kirkdelete(KirkDelete.java:33)
	at AdminTestCases.KirkDelete.kirkdelete(KirkDelete.java:33)
	at AdminTestCases.KirkDelete.kirkdelete(KirkDelete.java:33)
	at AdminTestCases.KirkDelete.kirkdelete(KirkDelete.java:33)
	at AdminTestCases.KirkDelete.kirkdelete(KirkDelete.java:33)
	at AdminTestCases.KirkDelete.kirkdelete(KirkDelete.java:33)
	at AdminTestCases.KirkDelete.kirkdelete(KirkDelete.java:33)
	at AdminTestCases.KirkDelete.kirkdelete(KirkDelete.java:33)
	at AdminTestCases.KirkDelete.kirkdelete(KirkDelete.java:33)
	at AdminTestCases.KirkDelete.kirkdelete(KirkDelete.java:33)
	at AdminTestCases.KirkDelete.kirkdelete(KirkDelete.java:33)
	at AdminTestCases.KirkDelete.kirkdelete(KirkDelete.java:33)
	at AdminTestCases.KirkDelete.kirkdelete(KirkDelete.java:33)
	at AdminTestCases.KirkDelete.kirkdelete(KirkDelete.java:33)
	at AdminTestCases.KirkDelete.kirkdelete(KirkDelete.java:33)
	at AdminTestCases.KirkDelete.kirkdelete(KirkDelete.java:33)
	at AdminTestCases.KirkDelete.kirkdelete(KirkDelete.java:33)
	at AdminTestCases.KirkDelete.kirkdelete(KirkDelete.java:33)
	at AdminTestCases.KirkDelete.kirkdelete(KirkDelete.java:33)
	at AdminTestCases.KirkDelete.kirkdelete(KirkDelete.java:33)
	at AdminTestCases.KirkDelete.kirkdelete(KirkDelete.java:33)
	at AdminTestCases.KirkDelete.kirkdelete(KirkDelete.java:33)
	at AdminTestCases.KirkDelete.kirkdelete(KirkDelete.java:33)
	at AdminTestCases.KirkDelete.kirkdelete(KirkDelete.java:33)
	at AdminTestCases.KirkDelete.kirkdelete(KirkDelete.java:33)
	at AdminTestCases.KirkDelete.kirkdelete(KirkDelete.java:33)
	at AdminTestCases.KirkDelete.kirkdelete(KirkDelete.java:33)
	at AdminTestCases.KirkDelete.kirkdelete(KirkDelete.java:33)
	at AdminTestCases.KirkDelete.kirkdelete(KirkDelete.java:33)
	at AdminTestCases.KirkDelete.kirkdelete(KirkDelete.java:33)
	at AdminTestCases.KirkDelete.kirkdelete(KirkDelete.java:33)
	at AdminTestCases.KirkDelete.kirkdelete(KirkDelete.java:33)
	at AdminTestCases.KirkDelete.kirkdelete(KirkDelete.java:33)
	at AdminTestCases.KirkDelete.kirkdelete(KirkDelete.java:33)
	at AdminTestCases.KirkDelete.kirkdelete(KirkDelete.java:33)
	at AdminTestCases.KirkDelete.kirkdelete(KirkDelete.java:33)
	at AdminTestCases.KirkDelete.kirkdelete(KirkDelete.java:33)
	at AdminTestCases.KirkDelete.kirkdelete(KirkDelete.java:33)
	at AdminTestCases.KirkDelete.kirkdelete(KirkDelete.java:33)
	at AdminTestCases.KirkDelete.kirkdelete(KirkDelete.java:33)
	at AdminTestCases.KirkDelete.kirkdelete(KirkDelete.java:33)
	at AdminTestCases.KirkDelete.kirkdelete(KirkDelete.java:33)
	at AdminTestCases.KirkDelete.kirkdelete(KirkDelete.java:33)
	at AdminTestCases.KirkDelete.kirkdelete(KirkDelete.java:33)
	at AdminTestCases.KirkDelete.kirkdelete(KirkDelete.java:33)
	at AdminTestCases.KirkDelete.kirkdelete(KirkDelete.java:33)
	at AdminTestCases.KirkDelete.kirkdelete(KirkDelete.java:33)
	at AdminTestCases.KirkDelete.kirkdelete(KirkDelete.java:33)
	at AdminTestCases.KirkDelete.kirkdelete(KirkDelete.java:33)
	at AdminTestCases.KirkDelete.kirkdelete(KirkDelete.java:33)
	at AdminTestCases.KirkDelete.kirkdelete(KirkDelete.java:33)
	at AdminTestCases.KirkDelete.kirkdelete(KirkDelete.java:33)
	at AdminTestCases.KirkDelete.kirkdelete(KirkDelete.java:33)
	at AdminTestCases.KirkDelete.kirkdelete(KirkDelete.java:33)
	at AdminTestCases.KirkDelete.kirkdelete(KirkDelete.java:33)
	at AdminTestCases.KirkDelete.kirkdelete(KirkDelete.java:33)
	at AdminTestCases.KirkDelete.kirkdelete(KirkDelete.java:33)
	at AdminTestCases.KirkDelete.kirkdelete(KirkDelete.java:33)
	at AdminTestCases.KirkDelete.kirkdelete(KirkDelete.java:33)
	at AdminTestCases.KirkDelete.kirkdelete(KirkDelete.java:33)
	at AdminTestCases.KirkDelete.kirkdelete(KirkDelete.java:33)
	at AdminTestCases.KirkDelete.kirkdelete(KirkDelete.java:33)
	at AdminTestCases.KirkDelete.kirkdelete(KirkDelete.java:33)
	at AdminTestCases.KirkDelete.kirkdelete(KirkDelete.java:33)
	at AdminTestCases.KirkDelete.kirkdelete(KirkDelete.java:33)
	at AdminTestCases.KirkDelete.kirkdelete(KirkDelete.java:33)
	at AdminTestCases.KirkDelete.kirkdelete(KirkDelete.java:33)
	at AdminTestCases.KirkDelete.kirkdelete(KirkDelete.java:33)
	at AdminTestCases.KirkDelete.kirkdelete(KirkDelete.java:33)
	at AdminTestCases.KirkDelete.kirkdelete(KirkDelete.java:33)
	at AdminTestCases.KirkDelete.kirkdelete(KirkDelete.java:33)
	at AdminTestCases.KirkDelete.kirkdelete(KirkDelete.java:33)
	at AdminTestCases.KirkDelete.kirkdelete(KirkDelete.java:33)
	at AdminTestCases.KirkDelete.kirkdelete(KirkDelete.java:33)
	at AdminTestCases.KirkDelete.kirkdelete(KirkDelete.java:33)
	at AdminTestCases.KirkDelete.kirkdelete(KirkDelete.java:33)
	at AdminTestCases.KirkDelete.kirkdelete(KirkDelete.java:33)
	at AdminTestCases.KirkDelete.kirkdelete(KirkDelete.java:33)
	at AdminTestCases.KirkDelete.kirkdelete(KirkDelete.java:33)
	at AdminTestCases.KirkDelete.kirkdelete(KirkDelete.java:33)
	at AdminTestCases.KirkDelete.kirkdelete(KirkDelete.java:33)
	at AdminTestCases.KirkDelete.kirkdelete(KirkDelete.java:33)
	at AdminTestCases.KirkDelete.kirkdelete(KirkDelete.java:33)
	at AdminTestCases.KirkDelete.kirkdelete(KirkDelete.java:33)
	at AdminTestCases.KirkDelete.kirkdelete(KirkDelete.java:33)
	at AdminTestCases.KirkDelete.kirkdelete(KirkDelete.java:33)
	at AdminTestCases.KirkDelete.kirkdelete(KirkDelete.java:33)
	at AdminTestCases.KirkDelete.kirkdelete(KirkDelete.java:33)
	at AdminTestCases.KirkDelete.kirkdelete(KirkDelete.java:33)
	at AdminTestCases.KirkDelete.kirkdelete(KirkDelete.java:33)
	at AdminTestCases.KirkDelete.kirkdelete(KirkDelete.java:33)
	at AdminTestCases.KirkDelete.kirkdelete(KirkDelete.java:33)
	at AdminTestCases.KirkDelete.kirkdelete(KirkDelete.java:33)
	at AdminTestCases.KirkDelete.kirkdelete(KirkDelete.java:33)
	at AdminTestCases.KirkDelete.kirkdelete(KirkDelete.java:33)
	at AdminTestCases.KirkDelete.kirkdelete(KirkDelete.java:33)
	at AdminTestCases.KirkDelete.kirkdelete(KirkDelete.java:33)
	at AdminTestCases.KirkDelete.kirkdelete(KirkDelete.java:33)
	at AdminTestCases.KirkDelete.kirkdelete(KirkDelete.java:33)
	at AdminTestCases.KirkDelete.kirkdelete(KirkDelete.java:33)
	at AdminTestCases.KirkDelete.kirkdelete(KirkDelete.java:33)
	at AdminTestCases.KirkDelete.kirkdelete(KirkDelete.java:33)
	at AdminTestCases.KirkDelete.kirkdelete(KirkDelete.java:33)
	at AdminTestCases.KirkDelete.kirkdelete(KirkDelete.java:33)
	at AdminTestCases.KirkDelete.kirkdelete(KirkDelete.java:33)
	at AdminTestCases.KirkDelete.kirkdelete(KirkDelete.java:33)
	at AdminTestCases.KirkDelete.kirkdelete(KirkDelete.java:33)
	at AdminTestCases.KirkDelete.kirkdelete(KirkDelete.java:33)
	at AdminTestCases.KirkDelete.kirkdelete(KirkDelete.java:33)
	at AdminTestCases.KirkDelete.kirkdelete(KirkDelete.java:33)
	at AdminTestCases.KirkDelete.kirkdelete(KirkDelete.java:33)
	at AdminTestCases.KirkDelete.kirkdelete(KirkDelete.java:33)
	at AdminTestCases.KirkDelete.kirkdelete(KirkDelete.java:33)
	at AdminTestCases.KirkDelete.kirkdelete(KirkDelete.java:33)
	at AdminTestCases.KirkDelete.kirkdelete(KirkDelete.java:33)
	at AdminTestCases.KirkDelete.kirkdelete(KirkDelete.java:33)
	at AdminTestCases.KirkDelete.kirkdelete(KirkDelete.java:33)
	at AdminTestCases.KirkDelete.kirkdelete(KirkDelete.java:33)
	at AdminTestCases.KirkDelete.kirkdelete(KirkDelete.java:33)
	at AdminTestCases.KirkDelete.kirkdelete(KirkDelete.java:33)
	at AdminTestCases.KirkDelete.kirkdelete(KirkDelete.java:33)
	at AdminTestCases.KirkDelete.kirkdelete(KirkDelete.java:33)
	at AdminTestCases.KirkDelete.kirkdelete(KirkDelete.java:33)
	at AdminTestCases.KirkDelete.kirkdelete(KirkDelete.java:33)
	at AdminTestCases.KirkDelete.kirkdelete(KirkDelete.java:33)
	at AdminTestCases.KirkDelete.kirkdelete(KirkDelete.java:33)
	at AdminTestCases.KirkDelete.kirkdelete(KirkDelete.java:33)
	at AdminTestCases.KirkDelete.kirkdelete(KirkDelete.java:33)
	at AdminTestCases.KirkDelete.kirkdelete(KirkDelete.java:33)
	at AdminTestCases.KirkDelete.kirkdelete(KirkDelete.java:33)
	at AdminTestCases.KirkDelete.kirkdelete(KirkDelete.java:33)
	at AdminTestCases.KirkDelete.kirkdelete(KirkDelete.java:33)
	at AdminTestCases.KirkDelete.kirkdelete(KirkDelete.java:33)
	at AdminTestCases.KirkDelete.kirkdelete(KirkDelete.java:33)
	at AdminTestCases.KirkDelete.kirkdelete(KirkDelete.java:33)
	at AdminTestCases.KirkDelete.kirkdelete(KirkDelete.java:33)
	at AdminTestCases.KirkDelete.kirkdelete(KirkDelete.java:33)
	at AdminTestCases.KirkDelete.kirkdelete(KirkDelete.java:33)
	at AdminTestCases.KirkDelete.kirkdelete(KirkDelete.java:33)
	at AdminTestCases.KirkDelete.kirkdelete(KirkDelete.java:33)
	at AdminTestCases.KirkDelete.kirkdelete(KirkDelete.java:33)
	at AdminTestCases.KirkDelete.kirkdelete(KirkDelete.java:33)
	at AdminTestCases.KirkDelete.kirkdelete(KirkDelete.java:33)
	at AdminTestCases.KirkDelete.kirkdelete(KirkDelete.java:33)
	at AdminTestCases.KirkDelete.kirkdelete(KirkDelete.java:33)
	at AdminTestCases.KirkDelete.kirkdelete(KirkDelete.java:33)
	at AdminTestCases.KirkDelete.kirkdelete(KirkDelete.java:33)
	at AdminTestCases.KirkDelete.kirkdelete(KirkDelete.java:33)
	at AdminTestCases.KirkDelete.kirkdelete(KirkDelete.java:33)
	at AdminTestCases.KirkDelete.kirkdelete(KirkDelete.java:33)
	at AdminTestCases.KirkDelete.kirkdelete(KirkDelete.java:33)
	at AdminTestCases.KirkDelete.kirkdelete(KirkDelete.java:33)
	at AdminTestCases.KirkDelete.kirkdelete(KirkDelete.java:33)
	at AdminTestCases.KirkDelete.kirkdelete(KirkDelete.java:33)
	at AdminTestCases.KirkDelete.kirkdelete(KirkDelete.java:33)
	at AdminTestCases.KirkDelete.kirkdelete(KirkDelete.java:33)
	at AdminTestCases.KirkDelete.kirkdelete(KirkDelete.java:33)
	at AdminTestCases.KirkDelete.kirkdelete(KirkDelete.java:33)
	at AdminTestCases.KirkDelete.kirkdelete(KirkDelete.java:33)
	at AdminTestCases.KirkDelete.kirkdelete(KirkDelete.java:33)
	at AdminTestCases.KirkDelete.kirkdelete(KirkDelete.java:33)
	at AdminTestCases.KirkDelete.kirkdelete(KirkDelete.java:33)
	at AdminTestCases.KirkDelete.kirkdelete(KirkDelete.java:33)
	at AdminTestCases.KirkDelete.kirkdelete(KirkDelete.java:33)
	at AdminTestCases.KirkDelete.kirkdelete(KirkDelete.java:33)
	at AdminTestCases.KirkDelete.kirkdelete(KirkDelete.java:33)
	at AdminTestCases.KirkDelete.kirkdelete(KirkDelete.java:33)
	at AdminTestCases.KirkDelete.kirkdelete(KirkDelete.java:33)
	at AdminTestCases.KirkDelete.kirkdelete(KirkDelete.java:33)
	at AdminTestCases.KirkDelete.kirkdelete(KirkDelete.java:33)
	at AdminTestCases.KirkDelete.kirkdelete(KirkDelete.java:33)
	at AdminTestCases.KirkDelete.kirkdelete(KirkDelete.java:33)
	at AdminTestCases.KirkDelete.kirkdelete(KirkDelete.java:33)
	at AdminTestCases.KirkDelete.kirkdelete(KirkDelete.java:33)
	at AdminTestCases.KirkDelete.kirkdelete(KirkDelete.java:33)
	at AdminTestCases.KirkDelete.kirkdelete(KirkDelete.java:33)
	at AdminTestCases.KirkDelete.kirkdelete(KirkDelete.java:33)
	at AdminTestCases.KirkDelete.kirkdelete(KirkDelete.java:33)
	at AdminTestCases.KirkDelete.kirkdelete(KirkDelete.java:33)
	at AdminTestCases.KirkDelete.kirkdelete(KirkDelete.java:33)
	at AdminTestCases.KirkDelete.kirkdelete(KirkDelete.java:33)
	at AdminTestCases.KirkDelete.kirkdelete(KirkDelete.java:33)
	at AdminTestCases.KirkDelete.kirkdelete(KirkDelete.java:33)
	at AdminTestCases.KirkDelete.kirkdelete(KirkDelete.java:33)
	at AdminTestCases.KirkDelete.kirkdelete(KirkDelete.java:33)
	at AdminTestCases.KirkDelete.kirkdelete(KirkDelete.java:33)
	at AdminTestCases.KirkDelete.kirkdelete(KirkDelete.java:33)
	at AdminTestCases.KirkDelete.kirkdelete(KirkDelete.java:33)
	at AdminTestCases.KirkDelete.kirkdelete(KirkDelete.java:33)
	at AdminTestCases.KirkDelete.kirkdelete(KirkDelete.java:33)
	at AdminTestCases.KirkDelete.kirkdelete(KirkDelete.java:33)
	at AdminTestCases.KirkDelete.kirkdelete(KirkDelete.java:33)
	at AdminTestCases.KirkDelete.kirkdelete(KirkDelete.java:33)
	at AdminTestCases.KirkDelete.kirkdelete(KirkDelete.java:33)
	at AdminTestCases.KirkDelete.kirkdelete(KirkDelete.java:33)
	at AdminTestCases.KirkDelete.kirkdelete(KirkDelete.java:33)
	at AdminTestCases.KirkDelete.kirkdelete(KirkDelete.java:33)
	at AdminTestCases.KirkDelete.kirkdelete(KirkDelete.java:33)
	at AdminTestCases.KirkDelete.kirkdelete(KirkDelete.java:33)
	at AdminTestCases.KirkDelete.kirkdelete(KirkDelete.java:33)
	at AdminTestCases.KirkDelete.kirkdelete(KirkDelete.java:33)
	at AdminTestCases.KirkDelete.kirkdelete(KirkDelete.java:33)
	at AdminTestCases.KirkDelete.kirkdelete(KirkDelete.java:33)
	at AdminTestCases.KirkDelete.kirkdelete(KirkDelete.java:33)
	at AdminTestCases.KirkDelete.kirkdelete(KirkDelete.java:33)
	at AdminTestCases.KirkDelete.kirkdelete(KirkDelete.java:33)
	at AdminTestCases.KirkDelete.kirkdelete(KirkDelete.java:33)
	at AdminTestCases.KirkDelete.kirkdelete(KirkDelete.java:33)
	at AdminTestCases.KirkDelete.kirkdelete(KirkDelete.java:33)
	at AdminTestCases.KirkDelete.kirkdelete(KirkDelete.java:33)
	at AdminTestCases.KirkDelete.kirkdelete(KirkDelete.java:33)
	at AdminTestCases.KirkDelete.kirkdelete(KirkDelete.java:33)
	at AdminTestCases.KirkDelete.kirkdelete(KirkDelete.java:33)
	at AdminTestCases.KirkDelete.kirkdelete(KirkDelete.java:33)
	at AdminTestCases.KirkDelete.kirkdelete(KirkDelete.java:33)
	at AdminTestCases.KirkDelete.kirkdelete(KirkDelete.java:33)
	at AdminTestCases.KirkDelete.kirkdelete(KirkDelete.java:33)
	at AdminTestCases.KirkDelete.kirkdelete(KirkDelete.java:33)
	at AdminTestCases.KirkDelete.kirkdelete(KirkDelete.java:33)
	at AdminTestCases.KirkDelete.kirkdelete(KirkDelete.java:33)
	at AdminTestCases.KirkDelete.kirkdelete(KirkDelete.java:33)
	at AdminTestCases.KirkDelete.kirkdelete(KirkDelete.java:33)
	at AdminTestCases.KirkDelete.kirkdelete(KirkDelete.java:33)
	at AdminTestCases.KirkDelete.kirkdelete(KirkDelete.java:33)
	at AdminTestCases.KirkDelete.kirkdelete(KirkDelete.java:33)
	at AdminTestCases.KirkDelete.kirkdelete(KirkDelete.java:33)
	at AdminTestCases.KirkDelete.kirkdelete(KirkDelete.java:33)
	at AdminTestCases.KirkDelete.kirkdelete(KirkDelete.java:33)
	at AdminTestCases.KirkDelete.kirkdelete(KirkDelete.java:33)
	at AdminTestCases.KirkDelete.kirkdelete(KirkDelete.java:33)
	at AdminTestCases.KirkDelete.kirkdelete(KirkDelete.java:33)
	at AdminTestCases.KirkDelete.kirkdelete(KirkDelete.java:33)
	at AdminTestCases.KirkDelete.kirkdelete(KirkDelete.java:33)
	at AdminTestCases.KirkDelete.kirkdelete(KirkDelete.java:33)
	at AdminTestCases.KirkDelete.kirkdelete(KirkDelete.java:33)
	at AdminTestCases.KirkDelete.kirkdelete(KirkDelete.java:33)
	at AdminTestCases.KirkDelete.kirkdelete(KirkDelete.java:33)
	at AdminTestCases.KirkDelete.kirkdelete(KirkDelete.java:33)
	at AdminTestCases.KirkDelete.kirkdelete(KirkDelete.java:33)
	at AdminTestCases.KirkDelete.kirkdelete(KirkDelete.java:33)
	at AdminTestCases.KirkDelete.kirkdelete(KirkDelete.java:33)
	at AdminTestCases.KirkDelete.kirkdelete(KirkDelete.java:33)
	at AdminTestCases.KirkDelete.kirkdelete(KirkDelete.java:33)
	at AdminTestCases.KirkDelete.kirkdelete(KirkDelete.java:33)
	at AdminTestCases.KirkDelete.kirkdelete(KirkDelete.java:33)
	at AdminTestCases.KirkDelete.kirkdelete(KirkDelete.java:33)
	at AdminTestCases.KirkDelete.kirkdelete(KirkDelete.java:33)
	at AdminTestCases.KirkDelete.kirkdelete(KirkDelete.java:33)
	at AdminTestCases.KirkDelete.kirkdelete(KirkDelete.java:33)
	at AdminTestCases.KirkDelete.kirkdelete(KirkDelete.java:33)
	at AdminTestCases.KirkDelete.kirkdelete(KirkDelete.java:33)
	at AdminTestCases.KirkDelete.kirkdelete(KirkDelete.java:33)
	at AdminTestCases.KirkDelete.kirkdelete(KirkDelete.java:33)
	at AdminTestCases.KirkDelete.kirkdelete(KirkDelete.java:33)
	at AdminTestCases.KirkDelete.kirkdelete(KirkDelete.java:33)
	at AdminTestCases.KirkDelete.kirkdelete(KirkDelete.java:33)
	at AdminTestCases.KirkDelete.kirkdelete(KirkDelete.java:33)
	at AdminTestCases.KirkDelete.kirkdelete(KirkDelete.java:33)
	at AdminTestCases.KirkDelete.kirkdelete(KirkDelete.java:33)
	at AdminTestCases.KirkDelete.kirkdelete(KirkDelete.java:33)
	at AdminTestCases.KirkDelete.kirkdelete(KirkDelete.java:33)
	at AdminTestCases.KirkDelete.kirkdelete(KirkDelete.java:33)
	at AdminTestCases.KirkDelete.kirkdelete(KirkDelete.java:33)
	at AdminTestCases.KirkDelete.kirkdelete(KirkDelete.java:33)
	at AdminTestCases.KirkDelete.kirkdelete(KirkDelete.java:33)
	at AdminTestCases.KirkDelete.kirkdelete(KirkDelete.java:33)
	at AdminTestCases.KirkDelete.kirkdelete(KirkDelete.java:33)
	at AdminTestCases.KirkDelete.kirkdelete(KirkDelete.java:33)
	at AdminTestCases.KirkDelete.kirkdelete(KirkDelete.java:33)
	at AdminTestCases.KirkDelete.kirkdelete(KirkDelete.java:33)
	at AdminTestCases.KirkDelete.kirkdelete(KirkDelete.java:33)
	at AdminTestCases.KirkDelete.kirkdelete(KirkDelete.java:33)
	at AdminTestCases.KirkDelete.kirkdelete(KirkDelete.java:33)
	at AdminTestCases.KirkDelete.kirkdelete(KirkDelete.java:33)
	at AdminTestCases.KirkDelete.kirkdelete(KirkDelete.java:33)
	at AdminTestCases.KirkDelete.kirkdelete(KirkDelete.java:33)
	at AdminTestCases.KirkDelete.kirkdelete(KirkDelete.java:33)
	at AdminTestCases.KirkDelete.kirkdelete(KirkDelete.java:33)
	at AdminTestCases.KirkDelete.kirkdelete(KirkDelete.java:33)
	at AdminTestCases.KirkDelete.kirkdelete(KirkDelete.java:33)
	at AdminTestCases.KirkDelete.kirkdelete(KirkDelete.java:33)
	at AdminTestCases.KirkDelete.kirkdelete(KirkDelete.java:33)
	at AdminTestCases.KirkDelete.kirkdelete(KirkDelete.java:33)
	at AdminTestCases.KirkDelete.kirkdelete(KirkDelete.java:33)
	at AdminTestCases.KirkDelete.kirkdelete(KirkDelete.java:33)
	at AdminTestCases.KirkDelete.kirkdelete(KirkDelete.java:33)
	at AdminTestCases.KirkDelete.kirkdelete(KirkDelete.java:33)
	at AdminTestCases.KirkDelete.kirkdelete(KirkDelete.java:33)
	at AdminTestCases.KirkDelete.kirkdelete(KirkDelete.java:33)
	at AdminTestCases.KirkDelete.kirkdelete(KirkDelete.java:33)
	at AdminTestCases.KirkDelete.kirkdelete(KirkDelete.java:33)
	at AdminTestCases.KirkDelete.kirkdelete(KirkDelete.java:33)
	at AdminTestCases.KirkDelete.kirkdelete(KirkDelete.java:33)
	at AdminTestCases.KirkDelete.kirkdelete(KirkDelete.java:33)
	at AdminTestCases.KirkDelete.kirkdelete(KirkDelete.java:33)
	at AdminTestCases.KirkDelete.kirkdelete(KirkDelete.java:33)
	at AdminTestCases.KirkDelete.kirkdelete(KirkDelete.java:33)
	at AdminTestCases.KirkDelete.kirkdelete(KirkDelete.java:33)
	at AdminTestCases.KirkDelete.kirkdelete(KirkDelete.java:33)
	at AdminTestCases.KirkDelete.kirkdelete(KirkDelete.java:33)
	at AdminTestCases.KirkDelete.kirkdelete(KirkDelete.java:33)
	at AdminTestCases.KirkDelete.kirkdelete(KirkDelete.java:33)
	at AdminTestCases.KirkDelete.kirkdelete(KirkDelete.java:33)
	at AdminTestCases.KirkDelete.kirkdelete(KirkDelete.java:33)
	at AdminTestCases.KirkDelete.kirkdelete(KirkDelete.java:33)
	at AdminTestCases.KirkDelete.kirkdelete(KirkDelete.java:33)
	at AdminTestCases.KirkDelete.kirkdelete(KirkDelete.java:33)
	at AdminTestCases.KirkDelete.kirkdelete(KirkDelete.java:33)
	at AdminTestCases.KirkDelete.kirkdelete(KirkDelete.java:33)
	at AdminTestCases.KirkDelete.kirkdelete(KirkDelete.java:33)
	at AdminTestCases.KirkDelete.kirkdelete(KirkDelete.java:33)
	at AdminTestCases.KirkDelete.kirkdelete(KirkDelete.java:33)
	at AdminTestCases.KirkDelete.kirkdelete(KirkDelete.java:33)
	at AdminTestCases.KirkDelete.kirkdelete(KirkDelete.java:33)
	at AdminTestCases.KirkDelete.kirkdelete(KirkDelete.java:33)
	at AdminTestCases.KirkDelete.kirkdelete(KirkDelete.java:33)
	at AdminTestCases.KirkDelete.kirkdelete(KirkDelete.java:33)
	at AdminTestCases.KirkDelete.kirkdelete(KirkDelete.java:33)
	at AdminTestCases.KirkDelete.kirkdelete(KirkDelete.java:33)
	at AdminTestCases.KirkDelete.kirkdelete(KirkDelete.java:33)
	at AdminTestCases.KirkDelete.kirkdelete(KirkDelete.java:33)
	at AdminTestCases.KirkDelete.kirkdelete(KirkDelete.java:33)
	at AdminTestCases.KirkDelete.kirkdelete(KirkDelete.java:33)
	at AdminTestCases.KirkDelete.kirkdelete(KirkDelete.java:33)
	at AdminTestCases.KirkDelete.kirkdelete(KirkDelete.java:33)
	at AdminTestCases.KirkDelete.kirkdelete(KirkDelete.java:33)
	at AdminTestCases.KirkDelete.kirkdelete(KirkDelete.java:33)
	at AdminTestCases.KirkDelete.kirkdelete(KirkDelete.java:33)
	at AdminTestCases.KirkDelete.kirkdelete(KirkDelete.java:33)
	at AdminTestCases.KirkDelete.kirkdelete(KirkDelete.java:33)
	at AdminTestCases.KirkDelete.kirkdelete(KirkDelete.java:33)
	at AdminTestCases.KirkDelete.kirkdelete(KirkDelete.java:33)
	at AdminTestCases.KirkDelete.kirkdelete(KirkDelete.java:33)
	at AdminTestCases.KirkDelete.kirkdelete(KirkDelete.java:33)
	at AdminTestCases.KirkDelete.kirkdelete(KirkDelete.java:33)
	at AdminTestCases.KirkDelete.kirkdelete(KirkDelete.java:33)
	at AdminTestCases.KirkDelete.kirkdelete(KirkDelete.java:33)
	at AdminTestCases.KirkDelete.kirkdelete(KirkDelete.java:33)
	at AdminTestCases.KirkDelete.kirkdelete(KirkDelete.java:33)
	at AdminTestCases.KirkDelete.kirkdelete(KirkDelete.java:33)
	at AdminTestCases.KirkDelete.kirkdelete(KirkDelete.java:33)
	at AdminTestCases.KirkDelete.kirkdelete(KirkDelete.java:33)
	at AdminTestCases.KirkDelete.kirkdelete(KirkDelete.java:33)
	at AdminTestCases.KirkDelete.kirkdelete(KirkDelete.java:33)
	at AdminTestCases.KirkDelete.kirkdelete(KirkDelete.java:33)
	at AdminTestCases.KirkDelete.kirkdelete(KirkDelete.java:33)
	at AdminTestCases.KirkDelete.kirkdelete(KirkDelete.java:33)
	at AdminTestCases.KirkDelete.kirkdelete(KirkDelete.java:33)
	at AdminTestCases.KirkDelete.kirkdelete(KirkDelete.java:33)
	at AdminTestCases.KirkDelete.kirkdelete(KirkDelete.java:33)
	at AdminTestCases.KirkDelete.kirkdelete(KirkDelete.java:33)
	at AdminTestCases.KirkDelete.kirkdelete(KirkDelete.java:33)
	at AdminTestCases.KirkDelete.kirkdelete(KirkDelete.java:33)
	at AdminTestCases.KirkDelete.kirkdelete(KirkDelete.java:33)
	at AdminTestCases.KirkDelete.kirkdelete(KirkDelete.java:33)
	at AdminTestCases.KirkDelete.kirkdelete(KirkDelete.java:33)
	at AdminTestCases.KirkDelete.kirkdelete(KirkDelete.java:33)
	at AdminTestCases.KirkDelete.kirkdelete(KirkDelete.java:33)
	at AdminTestCases.KirkDelete.kirkdelete(KirkDelete.java:33)
	at AdminTestCases.KirkDelete.kirkdelete(KirkDelete.java:33)
	at AdminTestCases.KirkDelete.kirkdelete(KirkDelete.java:33)
	at AdminTestCases.KirkDelete.kirkdelete(KirkDelete.java:33)
	at AdminTestCases.KirkDelete.kirkdelete(KirkDelete.java:33)
	at AdminTestCases.KirkDelete.kirkdelete(KirkDelete.java:33)
	at AdminTestCases.KirkDelete.kirkdelete(KirkDelete.java:33)
	at AdminTestCases.KirkDelete.kirkdelete(KirkDelete.java:33)
	at AdminTestCases.KirkDelete.kirkdelete(KirkDelete.java:33)
	at AdminTestCases.KirkDelete.kirkdelete(KirkDelete.java:33)
	at AdminTestCases.KirkDelete.kirkdelete(KirkDelete.java:33)
	at AdminTestCases.KirkDelete.kirkdelete(KirkDelete.java:33)
	at AdminTestCases.KirkDelete.kirkdelete(KirkDelete.java:33)
	at AdminTestCases.KirkDelete.kirkdelete(KirkDelete.java:33)
	at AdminTestCases.KirkDelete.kirkdelete(KirkDelete.java:33)
	at AdminTestCases.KirkDelete.kirkdelete(KirkDelete.java:33)
	at AdminTestCases.KirkDelete.kirkdelete(KirkDelete.java:33)
	at AdminTestCases.KirkDelete.kirkdelete(KirkDelete.java:33)
	at AdminTestCases.KirkDelete.kirkdelete(KirkDelete.java:33)
	at AdminTestCases.KirkDelete.kirkdelete(KirkDelete.java:33)
	at AdminTestCases.KirkDelete.kirkdelete(KirkDelete.java:33)
	at AdminTestCases.KirkDelete.kirkdelete(KirkDelete.java:33)
	at AdminTestCases.KirkDelete.kirkdelete(KirkDelete.java:33)
	at AdminTestCases.KirkDelete.kirkdelete(KirkDelete.java:33)
	at AdminTestCases.KirkDelete.kirkdelete(KirkDelete.java:33)
	at AdminTestCases.KirkDelete.kirkdelete(KirkDelete.java:33)
	at AdminTestCases.KirkDelete.kirkdelete(KirkDelete.java:33)
	at AdminTestCases.KirkDelete.kirkdelete(KirkDelete.java:33)
	at AdminTestCases.KirkDelete.kirkdelete(KirkDelete.java:33)
	at AdminTestCases.KirkDelete.kirkdelete(KirkDelete.java:33)
	at AdminTestCases.KirkDelete.kirkdelete(KirkDelete.java:33)
	at AdminTestCases.KirkDelete.kirkdelete(KirkDelete.java:33)
	at AdminTestCases.KirkDelete.kirkdelete(KirkDelete.java:33)
	at AdminTestCases.KirkDelete.kirkdelete(KirkDelete.java:33)
	at AdminTestCases.KirkDelete.kirkdelete(KirkDelete.java:33)
	at AdminTestCases.KirkDelete.kirkdelete(KirkDelete.java:33)
	at AdminTestCases.KirkDelete.kirkdelete(KirkDelete.java:33)
	at AdminTestCases.KirkDelete.kirkdelete(KirkDelete.java:33)
	at AdminTestCases.KirkDelete.kirkdelete(KirkDelete.java:33)
	at AdminTestCases.KirkDelete.kirkdelete(KirkDelete.java:33)
	at AdminTestCases.KirkDelete.kirkdelete(KirkDelete.java:33)
	at AdminTestCases.KirkDelete.kirkdelete(KirkDelete.java:33)
	at AdminTestCases.KirkDelete.kirkdelete(KirkDelete.java:33)
	at AdminTestCases.KirkDelete.kirkdelete(KirkDelete.java:33)
	at AdminTestCases.KirkDelete.kirkdelete(KirkDelete.java:33)
	at AdminTestCases.KirkDelete.kirkdelete(KirkDelete.java:33)
	at AdminTestCases.KirkDelete.kirkdelete(KirkDelete.java:33)
	at AdminTestCases.KirkDelete.kirkdelete(KirkDelete.java:33)
	at AdminTestCases.KirkDelete.kirkdelete(KirkDelete.java:33)
	at AdminTestCases.KirkDelete.kirkdelete(KirkDelete.java:33)
	at AdminTestCases.KirkDelete.kirkdelete(KirkDelete.java:33)
	at AdminTestCases.KirkDelete.kirkdelete(KirkDelete.java:33)
	at AdminTestCases.KirkDelete.kirkdelete(KirkDelete.java:33)
	at AdminTestCases.KirkDelete.kirkdelete(KirkDelete.java:33)
	at AdminTestCases.KirkDelete.kirkdelete(KirkDelete.java:33)
	at AdminTestCases.KirkDelete.kirkdelete(KirkDelete.java:33)
	at AdminTestCases.KirkDelete.kirkdelete(KirkDelete.java:33)
	at AdminTestCases.KirkDelete.kirkdelete(KirkDelete.java:33)
	at AdminTestCases.KirkDelete.kirkdelete(KirkDelete.java:33)
	at AdminTestCases.KirkDelete.kirkdelete(KirkDelete.java:33)
	at AdminTestCases.KirkDelete.kirkdelete(KirkDelete.java:33)
	at AdminTestCases.KirkDelete.kirkdelete(KirkDelete.java:33)
	at AdminTestCases.KirkDelete.kirkdelete(KirkDelete.java:33)
	at AdminTestCases.KirkDelete.kirkdelete(KirkDelete.java:33)
	at AdminTestCases.KirkDelete.kirkdelete(KirkDelete.java:33)
	at AdminTestCases.KirkDelete.kirkdelete(KirkDelete.java:33)
	at AdminTestCases.KirkDelete.kirkdelete(KirkDelete.java:33)
	at AdminTestCases.KirkDelete.kirkdelete(KirkDelete.java:33)
	at AdminTestCases.KirkDelete.kirkdelete(KirkDelete.java:33)
	at AdminTestCases.KirkDelete.kirkdelete(KirkDelete.java:33)
	at AdminTestCases.KirkDelete.kirkdelete(KirkDelete.java:33)
	at AdminTestCases.KirkDelete.kirkdelete(KirkDelete.java:33)
	at AdminTestCases.KirkDelete.kirkdelete(KirkDelete.java:33)
	at AdminTestCases.KirkDelete.kirkdelete(KirkDelete.java:33)
	at AdminTestCases.KirkDelete.kirkdelete(KirkDelete.java:33)
	at AdminTestCases.KirkDelete.kirkdelete(KirkDelete.java:33)
	at AdminTestCases.KirkDelete.kirkdelete(KirkDelete.java:33)
	at AdminTestCases.KirkDelete.kirkdelete(KirkDelete.java:33)
	at AdminTestCases.KirkDelete.kirkdelete(KirkDelete.java:33)
	at AdminTestCases.KirkDelete.kirkdelete(KirkDelete.java:33)
	at AdminTestCases.KirkDelete.kirkdelete(KirkDelete.java:33)
	at AdminTestCases.KirkDelete.kirkdelete(KirkDelete.java:33)
	at AdminTestCases.KirkDelete.kirkdelete(KirkDelete.java:33)
	at AdminTestCases.KirkDelete.kirkdelete(KirkDelete.java:33)
	at AdminTestCases.KirkDelete.kirkdelete(KirkDelete.java:33)
	at AdminTestCases.KirkDelete.kirkdelete(KirkDelete.java:33)
	at AdminTestCases.KirkDelete.kirkdelete(KirkDelete.java:33)
	at AdminTestCases.KirkDelete.kirkdelete(KirkDelete.java:33)
	at AdminTestCases.KirkDelete.kirkdelete(KirkDelete.java:33)
	at AdminTestCases.KirkDelete.kirkdelete(KirkDelete.java:33)
	at AdminTestCases.KirkDelete.kirkdelete(KirkDelete.java:33)
	at AdminTestCases.KirkDelete.kirkdelete(KirkDelete.java:33)
	at AdminTestCases.KirkDelete.kirkdelete(KirkDelete.java:33)
	at AdminTestCases.KirkDelete.kirkdelete(KirkDelete.java:33)
	at AdminTestCases.KirkDelete.kirkdelete(KirkDelete.java:33)
	at AdminTestCases.KirkDelete.kirkdelete(KirkDelete.java:33)
	at AdminTestCases.KirkDelete.kirkdelete(KirkDelete.java:33)
	at AdminTestCases.KirkDelete.kirkdelete(KirkDelete.java:33)
	at AdminTestCases.KirkDelete.kirkdelete(KirkDelete.java:33)
	at AdminTestCases.KirkDelete.kirkdelete(KirkDelete.java:33)
	at AdminTestCases.KirkDelete.kirkdelete(KirkDelete.java:33)
	at AdminTestCases.KirkDelete.kirkdelete(KirkDelete.java:33)
	at AdminTestCases.KirkDelete.kirkdelete(KirkDelete.java:33)
	at AdminTestCases.KirkDelete.kirkdelete(KirkDelete.java:33)
	at AdminTestCases.KirkDelete.kirkdelete(KirkDelete.java:33)
	at AdminTestCases.KirkDelete.kirkdelete(KirkDelete.java:33)
	at AdminTestCases.KirkDelete.kirkdelete(KirkDelete.java:33)
	at AdminTestCases.KirkDelete.kirkdelete(KirkDelete.java:33)
	at AdminTestCases.KirkDelete.kirkdelete(KirkDelete.java:33)
	at AdminTestCases.KirkDelete.kirkdelete(KirkDelete.java:33)
	at AdminTestCases.KirkDelete.kirkdelete(KirkDelete.java:33)
	at AdminTestCases.KirkDelete.kirkdelete(KirkDelete.java:33)
	at AdminTestCases.KirkDelete.kirkdelete(KirkDelete.java:33)
	at AdminTestCases.KirkDelete.kirkdelete(KirkDelete.java:33)
	at AdminTestCases.KirkDelete.kirkdelete(KirkDelete.java:33)
	at AdminTestCases.KirkDelete.kirkdelete(KirkDelete.java:33)
	at AdminTestCases.KirkDelete.kirkdelete(KirkDelete.java:33)
	at AdminTestCases.KirkDelete.kirkdelete(KirkDelete.java:33)
	at AdminTestCases.KirkDelete.kirkdelete(KirkDelete.java:33)
	at AdminTestCases.KirkDelete.kirkdelete(KirkDelete.java:33)
	at AdminTestCases.KirkDelete.kirkdelete(KirkDelete.java:33)
	at AdminTestCases.KirkDelete.kirkdelete(KirkDelete.java:33)
	at AdminTestCases.KirkDelete.kirkdelete(KirkDelete.java:33)
	at AdminTestCases.KirkDelete.kirkdelete(KirkDelete.java:33)
	at AdminTestCases.KirkDelete.kirkdelete(KirkDelete.java:33)
	at AdminTestCases.KirkDelete.kirkdelete(KirkDelete.java:33)
	at AdminTestCases.KirkDelete.kirkdelete(KirkDelete.java:33)
	at AdminTestCases.KirkDelete.kirkdelete(KirkDelete.java:33)
	at AdminTestCases.KirkDelete.kirkdelete(KirkDelete.java:33)
	at AdminTestCases.KirkDelete.kirkdelete(KirkDelete.java:33)
	at AdminTestCases.KirkDelete.kirkdelete(KirkDelete.java:33)
	at AdminTestCases.KirkDelete.kirkdelete(KirkDelete.java:33)
	at AdminTestCases.KirkDelete.kirkdelete(KirkDelete.java:33)
	at AdminTestCases.KirkDelete.kirkdelete(KirkDelete.java:33)
	at AdminTestCases.KirkDelete.kirkdelete(KirkDelete.java:33)
	at AdminTestCases.KirkDelete.kirkdelete(KirkDelete.java:33)
	at AdminTestCases.KirkDelete.kirkdelete(KirkDelete.java:33)
	at AdminTestCases.KirkDelete.kirkdelete(KirkDelete.java:33)
	at AdminTestCases.KirkDelete.kirkdelete(KirkDelete.java:33)
	at AdminTestCases.KirkDelete.kirkdelete(KirkDelete.java:33)
	at AdminTestCases.KirkDelete.kirkdelete(KirkDelete.java:33)
	at AdminTestCases.KirkDelete.kirkdelete(KirkDelete.java:33)
	at AdminTestCases.KirkDelete.kirkdelete(KirkDelete.java:33)
	at AdminTestCases.KirkDelete.kirkdelete(KirkDelete.java:33)
	at AdminTestCases.KirkDelete.kirkdelete(KirkDelete.java:33)
	at AdminTestCases.KirkDelete.kirkdelete(KirkDelete.java:33)
	at AdminTestCases.KirkDelete.kirkdelete(KirkDelete.java:33)
	at AdminTestCases.KirkDelete.kirkdelete(KirkDelete.java:33)
	at AdminTestCases.KirkDelete.kirkdelete(KirkDelete.java:33)
	at AdminTestCases.KirkDelete.kirkdelete(KirkDelete.java:33)
	at AdminTestCases.KirkDelete.kirkdelete(KirkDelete.java:33)
	at AdminTestCases.KirkDelete.kirkdelete(KirkDelete.java:33)
	at AdminTestCases.KirkDelete.kirkdelete(KirkDelete.java:33)
	at AdminTestCases.KirkDelete.kirkdelete(KirkDelete.java:33)
	at AdminTestCases.KirkDelete.kirkdelete(KirkDelete.java:33)
	at AdminTestCases.KirkDelete.kirkdelete(KirkDelete.java:33)
	at AdminTestCases.KirkDelete.kirkdelete(KirkDelete.java:33)
	at AdminTestCases.KirkDelete.kirkdelete(KirkDelete.java:33)
	at AdminTestCases.KirkDelete.kirkdelete(KirkDelete.java:33)
	at AdminTestCases.KirkDelete.kirkdelete(KirkDelete.java:33)
	at AdminTestCases.KirkDelete.kirkdelete(KirkDelete.java:33)
	at AdminTestCases.KirkDelete.kirkdelete(KirkDelete.java:33)
	at AdminTestCases.KirkDelete.kirkdelete(KirkDelete.java:33)
	at AdminTestCases.KirkDelete.kirkdelete(KirkDelete.java:33)
	at AdminTestCases.KirkDelete.kirkdelete(KirkDelete.java:33)
	at AdminTestCases.KirkDelete.kirkdelete(KirkDelete.java:33)
	at AdminTestCases.KirkDelete.kirkdelete(KirkDelete.java:33)
	at AdminTestCases.KirkDelete.kirkdelete(KirkDelete.java:33)
	at AdminTestCases.KirkDelete.kirkdelete(KirkDelete.java:33)
	at AdminTestCases.KirkDelete.kirkdelete(KirkDelete.java:33)
	at AdminTestCases.KirkDelete.kirkdelete(KirkDelete.java:33)
	at AdminTestCases.KirkDelete.kirkdelete(KirkDelete.java:33)
	at AdminTestCases.KirkDelete.kirkdelete(KirkDelete.java:33)
	at AdminTestCases.KirkDelete.kirkdelete(KirkDelete.java:33)
	at AdminTestCases.KirkDelete.kirkdelete(KirkDelete.java:33)
	at AdminTestCases.KirkDelete.kirkdelete(KirkDelete.java:33)
	at AdminTestCases.KirkDelete.kirkdelete(KirkDelete.java:33)
	at AdminTestCases.KirkDelete.kirkdelete(KirkDelete.java:33)
	at AdminTestCases.KirkDelete.kirkdelete(KirkDelete.java:33)
	at AdminTestCases.KirkDelete.kirkdelete(KirkDelete.java:33)
	at AdminTestCases.KirkDelete.kirkdelete(KirkDelete.java:33)
	at AdminTestCases.KirkDelete.kirkdelete(KirkDelete.java:33)
	at AdminTestCases.KirkDelete.kirkdelete(KirkDelete.java:33)
	at AdminTestCases.KirkDelete.kirkdelete(KirkDelete.java:33)
	at AdminTestCases.KirkDelete.kirkdelete(KirkDelete.java:33)
	at AdminTestCases.KirkDelete.kirkdelete(KirkDelete.java:33)
	at AdminTestCases.KirkDelete.kirkdelete(KirkDelete.java:33)
	at AdminTestCases.KirkDelete.kirkdelete(KirkDelete.java:33)
	at AdminTestCases.KirkDelete.kirkdelete(KirkDelete.java:33)
	at AdminTestCases.KirkDelete.kirkdelete(KirkDelete.java:33)
	at AdminTestCases.KirkDelete.kirkdelete(KirkDelete.java:33)
	at AdminTestCases.KirkDelete.kirkdelete(KirkDelete.java:33)
	at AdminTestCases.KirkDelete.kirkdelete(KirkDelete.java:33)
	at AdminTestCases.KirkDelete.kirkdelete(KirkDelete.java:33)
	at AdminTestCases.KirkDelete.kirkdelete(KirkDelete.java:33)
	at AdminTestCases.KirkDelete.kirkdelete(KirkDelete.java:33)
	at AdminTestCases.KirkDelete.kirkdelete(KirkDelete.java:33)
	at AdminTestCases.KirkDelete.kirkdelete(KirkDelete.java:33)
	at AdminTestCases.KirkDelete.kirkdelete(KirkDelete.java:33)
	at AdminTestCases.KirkDelete.kirkdelete(KirkDelete.java:33)
	at AdminTestCases.KirkDelete.kirkdelete(KirkDelete.java:33)
	at AdminTestCases.KirkDelete.kirkdelete(KirkDelete.java:33)
	at AdminTestCases.KirkDelete.kirkdelete(KirkDelete.java:33)
	at AdminTestCases.KirkDelete.kirkdelete(KirkDelete.java:33)
	at AdminTestCases.KirkDelete.kirkdelete(KirkDelete.java:33)
	at AdminTestCases.KirkDelete.kirkdelete(KirkDelete.java:33)
	at AdminTestCases.KirkDelete.kirkdelete(KirkDelete.java:33)
	at AdminTestCases.KirkDelete.kirkdelete(KirkDelete.java:33)
	at AdminTestCases.KirkDelete.kirkdelete(KirkDelete.java:33)
	at AdminTestCases.KirkDelete.kirkdelete(KirkDelete.java:33)
	at AdminTestCases.KirkDelete.kirkdelete(KirkDelete.java:33)
	at AdminTestCases.KirkDelete.kirkdelete(KirkDelete.java:33)
	at AdminTestCases.KirkDelete.kirkdelete(KirkDelete.java:33)
	at AdminTestCases.KirkDelete.kirkdelete(KirkDelete.java:33)
	at AdminTestCases.KirkDelete.kirkdelete(KirkDelete.java:33)
	at AdminTestCases.KirkDelete.kirkdelete(KirkDelete.java:33)
	at AdminTestCases.KirkDelete.kirkdelete(KirkDelete.java:33)
	at AdminTestCases.KirkDelete.kirkdelete(KirkDelete.java:33)
	at AdminTestCases.KirkDelete.kirkdelete(KirkDelete.java:33)
	at AdminTestCases.KirkDelete.kirkdelete(KirkDelete.java:33)
	at AdminTestCases.KirkDelete.kirkdelete(KirkDelete.java:33)
	at AdminTestCases.KirkDelete.kirkdelete(KirkDelete.java:33)
	at AdminTestCases.KirkDelete.kirkdelete(KirkDelete.java:33)
	at AdminTestCases.KirkDelete.kirkdelete(KirkDelete.java:33)
	at AdminTestCases.KirkDelete.kirkdelete(KirkDelete.java:33)
	at AdminTestCases.KirkDelete.kirkdelete(KirkDelete.java:33)
	at AdminTestCases.KirkDelete.kirkdelete(KirkDelete.java:33)
	at AdminTestCases.KirkDelete.kirkdelete(KirkDelete.java:33)
	at AdminTestCases.KirkDelete.kirkdelete(KirkDelete.java:33)
	at AdminTestCases.KirkDelete.kirkdelete(KirkDelete.java:33)
	at AdminTestCases.KirkDelete.kirkdelete(KirkDelete.java:33)
	at AdminTestCases.KirkDelete.kirkdelete(KirkDelete.java:33)
	at AdminTestCases.KirkDelete.kirkdelete(KirkDelete.java:33)
	at AdminTestCases.KirkDelete.kirkdelete(KirkDelete.java:33)
	at AdminTestCases.KirkDelete.kirkdelete(KirkDelete.java:33)
	at AdminTestCases.KirkDelete.kirkdelete(KirkDelete.java:33)
	at AdminTestCases.KirkDelete.kirkdelete(KirkDelete.java:33)
	at AdminTestCases.KirkDelete.kirkdelete(KirkDelete.java:33)
	at AdminTestCases.KirkDelete.kirkdelete(KirkDelete.java:33)
	at AdminTestCases.KirkDelete.kirkdelete(KirkDelete.java:33)
	at AdminTestCases.KirkDelete.kirkdelete(KirkDelete.java:33)
	at AdminTestCases.KirkDelete.kirkdelete(KirkDelete.java:33)
	at AdminTestCases.KirkDelete.kirkdelete(KirkDelete.java:33)
	at AdminTestCases.KirkDelete.kirkdelete(KirkDelete.java:33)
	at AdminTestCases.KirkDelete.kirkdelete(KirkDelete.java:33)
	at AdminTestCases.KirkDelete.kirkdelete(KirkDelete.java:33)
	at AdminTestCases.KirkDelete.kirkdelete(KirkDelete.java:33)
	at AdminTestCases.KirkDelete.kirkdelete(KirkDelete.java:33)
	at AdminTestCases.KirkDelete.kirkdelete(KirkDelete.java:33)
	at AdminTestCases.KirkDelete.kirkdelete(KirkDelete.java:33)
	at AdminTestCases.KirkDelete.kirkdelete(KirkDelete.java:33)
	at AdminTestCases.KirkDelete.kirkdelete(KirkDelete.java:33)
	at AdminTestCases.KirkDelete.kirkdelete(KirkDelete.java:33)
	at AdminTestCases.KirkDelete.kirkdelete(KirkDelete.java:33)
	at AdminTestCases.KirkDelete.kirkdelete(KirkDelete.java:33)
	at AdminTestCases.KirkDelete.kirkdelete(KirkDelete.java:33)
	at AdminTestCases.KirkDelete.kirkdelete(KirkDelete.java:33)
	at AdminTestCases.KirkDelete.kirkdelete(KirkDelete.java:33)
	at AdminTestCases.KirkDelete.kirkdelete(KirkDelete.java:33)
	at AdminTestCases.KirkDelete.kirkdelete(KirkDelete.java:33)
	at AdminTestCases.KirkDelete.kirkdelete(KirkDelete.java:33)
	at AdminTestCases.KirkDelete.kirkdelete(KirkDelete.java:33)
	at AdminTestCases.KirkDelete.kirkdelete(KirkDelete.java:33)
	at AdminTestCases.KirkDelete.kirkdelete(KirkDelete.java:33)
	at AdminTestCases.KirkDelete.kirkdelete(KirkDelete.java:33)
	at AdminTestCases.KirkDelete.kirkdelete(KirkDelete.java:33)
	at AdminTestCases.KirkDelete.kirkdelete(KirkDelete.java:33)
	at AdminTestCases.KirkDelete.kirkdelete(KirkDelete.java:33)
	at AdminTestCases.KirkDelete.kirkdelete(KirkDelete.java:33)
	at AdminTestCases.KirkDelete.kirkdelete(KirkDelete.java:33)
	at AdminTestCases.KirkDelete.kirkdelete(KirkDelete.java:33)
	at AdminTestCases.KirkDelete.kirkdelete(KirkDelete.java:33)
	at AdminTestCases.KirkDelete.kirkdelete(KirkDelete.java:33)
	at AdminTestCases.KirkDelete.kirkdelete(KirkDelete.java:33)
	at AdminTestCases.KirkDelete.kirkdelete(KirkDelete.java:33)
	at AdminTestCases.KirkDelete.kirkdelete(KirkDelete.java:33)
	at AdminTestCases.KirkDelete.kirkdelete(KirkDelete.java:33)
	at AdminTestCases.KirkDelete.kirkdelete(KirkDelete.java:33)
	at AdminTestCases.KirkDelete.kirkdelete(KirkDelete.java:33)
	at AdminTestCases.KirkDelete.kirkdelete(KirkDelete.java:33)
	at AdminTestCases.KirkDelete.kirkdelete(KirkDelete.java:33)
	at AdminTestCases.KirkDelete.kirkdelete(KirkDelete.java:33)
	at AdminTestCases.KirkDelete.kirkdelete(KirkDelete.java:33)
	at AdminTestCases.KirkDelete.kirkdelete(KirkDelete.java:33)
	at AdminTestCases.KirkDelete.kirkdelete(KirkDelete.java:33)
	at AdminTestCases.KirkDelete.kirkdelete(KirkDelete.java:33)
	at AdminTestCases.KirkDelete.kirkdelete(KirkDelete.java:33)
	at AdminTestCases.KirkDelete.kirkdelete(KirkDelete.java:33)
	at AdminTestCases.KirkDelete.kirkdelete(KirkDelete.java:33)
	at AdminTestCases.KirkDelete.kirkdelete(KirkDelete.java:33)
	at AdminTestCases.KirkDelete.kirkdelete(KirkDelete.java:33)
	at AdminTestCases.KirkDelete.kirkdelete(KirkDelete.java:33)
	at AdminTestCases.KirkDelete.kirkdelete(KirkDelete.java:33)
	at AdminTestCases.KirkDelete.kirkdelete(KirkDelete.java:33)
	at AdminTestCases.KirkDelete.kirkdelete(KirkDelete.java:33)
	at AdminTestCases.KirkDelete.kirkdelete(KirkDelete.java:33)
	at AdminTestCases.KirkDelete.kirkdelete(KirkDelete.java:33)
	at AdminTestCases.KirkDelete.kirkdelete(KirkDelete.java:33)
	at AdminTestCases.KirkDelete.kirkdelete(KirkDelete.java:33)
	at AdminTestCases.KirkDelete.kirkdelete(KirkDelete.java:33)
	at AdminTestCases.KirkDelete.kirkdelete(KirkDelete.java:33)
	at AdminTestCases.KirkDelete.kirkdelete(KirkDelete.java:33)
	at AdminTestCases.KirkDelete.kirkdelete(KirkDelete.java:33)
	at AdminTestCases.KirkDelete.kirkdelete(KirkDelete.java:33)
	at AdminTestCases.KirkDelete.kirkdelete(KirkDelete.java:33)
	at AdminTestCases.KirkDelete.kirkdelete(KirkDelete.java:33)
	at AdminTestCases.KirkDelete.kirkdelete(KirkDelete.java:33)
	at AdminTestCases.KirkDelete.kirkdelete(KirkDelete.java:33)
	at AdminTestCases.KirkDelete.kirkdelete(KirkDelete.java:33)
	at AdminTestCases.KirkDelete.kirkdelete(KirkDelete.java:33)
	at AdminTestCases.KirkDelete.kirkdelete(KirkDelete.java:33)
	at AdminTestCases.KirkDelete.kirkdelete(KirkDelete.java:33)
	at AdminTestCases.KirkDelete.kirkdelete(KirkDelete.java:33)
	at AdminTestCases.KirkDelete.kirkdelete(KirkDelete.java:33)
	at AdminTestCases.KirkDelete.kirkdelete(KirkDelete.java:33)
	at AdminTestCases.KirkDelete.kirkdelete(KirkDelete.java:33)
	at AdminTestCases.KirkDelete.kirkdelete(KirkDelete.java:33)
	at AdminTestCases.KirkDelete.kirkdelete(KirkDelete.java:33)
	at AdminTestCases.KirkDelete.kirkdelete(KirkDelete.java:33)
	at AdminTestCases.KirkDelete.kirkdelete(KirkDelete.java:33)
	at AdminTestCases.KirkDelete.kirkdelete(KirkDelete.java:33)
	at AdminTestCases.KirkDelete.kirkdelete(KirkDelete.java:33)
	at AdminTestCases.KirkDelete.kirkdelete(KirkDelete.java:33)
	at AdminTestCases.KirkDelete.kirkdelete(KirkDelete.java:33)
	at AdminTestCases.KirkDelete.kirkdelete(KirkDelete.java:33)
	at AdminTestCases.KirkDelete.kirkdelete(KirkDelete.java:33)
	at AdminTestCases.KirkDelete.kirkdelete(KirkDelete.java:33)
	at AdminTestCases.KirkDelete.kirkdelete(KirkDelete.java:33)
	at AdminTestCases.KirkDelete.kirkdelete(KirkDelete.java:33)
	at AdminTestCases.KirkDelete.kirkdelete(KirkDelete.java:33)
	at AdminTestCases.KirkDelete.kirkdelete(KirkDelete.java:33)
	at AdminTestCases.KirkDelete.kirkdelete(KirkDelete.java:33)
	at AdminTestCases.KirkDelete.kirkdelete(KirkDelete.java:33)
	at AdminTestCases.KirkDelete.kirkdelete(KirkDelete.java:33)
	at AdminTestCases.KirkDelete.kirkdelete(KirkDelete.java:33)
	at AdminTestCases.KirkDelete.kirkdelete(KirkDelete.java:33)
	at AdminTestCases.KirkDelete.kirkdelete(KirkDelete.java:33)
	at AdminTestCases.KirkDelete.kirkdelete(KirkDelete.java:33)
	at AdminTestCases.KirkDelete.kirkdelete(KirkDelete.java:33)
	at AdminTestCases.KirkDelete.kirkdelete(KirkDelete.java:33)
	at AdminTestCases.KirkDelete.kirkdelete(KirkDelete.java:33)
	at AdminTestCases.KirkDelete.kirkdelete(KirkDelete.java:33)
	at AdminTestCases.KirkDelete.kirkdelete(KirkDelete.java:33)
	at AdminTestCases.KirkDelete.kirkdelete(KirkDelete.java:33)
	at AdminTestCases.KirkDelete.kirkdelete(KirkDelete.java:33)
	at AdminTestCases.KirkDelete.kirkdelete(KirkDelete.java:33)
	at AdminTestCases.KirkDelete.kirkdelete(KirkDelete.java:33)
	at AdminTestCases.KirkDelete.kirkdelete(KirkDelete.java:33)
	at AdminTestCases.KirkDelete.kirkdelete(KirkDelete.java:33)
	at AdminTestCases.KirkDelete.kirkdelete(KirkDelete.java:33)
	at AdminTestCases.KirkDelete.kirkdelete(KirkDelete.java:33)
	at AdminTestCases.KirkDelete.kirkdelete(KirkDelete.java:33)
	at AdminTestCases.KirkDelete.kirkdelete(KirkDelete.java:33)
	at AdminTestCases.KirkDelete.kirkdelete(KirkDelete.java:33)
	at AdminTestCases.KirkDelete.kirkdelete(KirkDelete.java:33)
	at AdminTestCases.KirkDelete.kirkdelete(KirkDelete.java:33)
	at AdminTestCases.KirkDelete.kirkdelete(KirkDelete.java:33)
	at AdminTestCases.KirkDelete.kirkdelete(KirkDelete.java:33)
	at AdminTestCases.KirkDelete.kirkdelete(KirkDelete.java:33)
	at AdminTestCases.KirkDelete.kirkdelete(KirkDelete.java:33)
	at AdminTestCases.KirkDelete.kirkdelete(KirkDelete.java:33)
	at AdminTestCases.KirkDelete.kirkdelete(KirkDelete.java:33)
	at AdminTestCases.KirkDelete.kirkdelete(KirkDelete.java:33)
	at AdminTestCases.KirkDelete.kirkdelete(KirkDelete.java:33)
	at AdminTestCases.KirkDelete.kirkdelete(KirkDelete.java:33)
	at AdminTestCases.KirkDelete.kirkdelete(KirkDelete.java:33)
	at AdminTestCases.KirkDelete.kirkdelete(KirkDelete.java:33)
	at AdminTestCases.KirkDelete.kirkdelete(KirkDelete.java:33)
	at AdminTestCases.KirkDelete.kirkdelete(KirkDelete.java:33)
	at AdminTestCases.KirkDelete.kirkdelete(KirkDelete.java:33)
	at AdminTestCases.KirkDelete.kirkdelete(KirkDelete.java:33)
	at AdminTestCases.KirkDelete.kirkdelete(KirkDelete.java:33)
	at AdminTestCases.KirkDelete.kirkdelete(KirkDelete.java:33)
	at AdminTestCases.KirkDelete.kirkdelete(KirkDelete.java:33)
	at AdminTestCases.KirkDelete.kirkdelete(KirkDelete.java:33)
	at AdminTestCases.KirkDelete.kirkdelete(KirkDelete.java:33)
	at AdminTestCases.KirkDelete.kirkdelete(KirkDelete.java:33)
	at AdminTestCases.KirkDelete.kirkdelete(KirkDelete.java:33)
	at AdminTestCases.KirkDelete.kirkdelete(KirkDelete.java:33)
	at AdminTestCases.KirkDelete.kirkdelete(KirkDelete.java:33)
	at AdminTestCases.KirkDelete.kirkdelete(KirkDelete.java:33)
	at AdminTestCases.KirkDelete.kirkdelete(KirkDelete.java:33)
	at AdminTestCases.KirkDelete.kirkdelete(KirkDelete.java:33)
	at AdminTestCases.KirkDelete.kirkdelete(KirkDelete.java:33)
	at AdminTestCases.KirkDelete.kirkdelete(KirkDelete.java:33)
	at AdminTestCases.KirkDelete.kirkdelete(KirkDelete.java:33)
	at AdminTestCases.KirkDelete.kirkdelete(KirkDelete.java:33)
	at AdminTestCases.KirkDelete.kirkdelete(KirkDelete.java:33)
	at AdminTestCases.KirkDelete.kirkdelete(KirkDelete.java:33)
	at AdminTestCases.KirkDelete.kirkdelete(KirkDelete.java:33)
	at AdminTestCases.KirkDelete.kirkdelete(KirkDelete.java:33)
	at AdminTestCases.KirkDelete.kirkdelete(KirkDelete.java:33)
	at AdminTestCases.KirkDelete.kirkdelete(KirkDelete.java:33)
	at AdminTestCases.KirkDelete.kirkdelete(KirkDelete.java:33)
	at AdminTestCases.KirkDelete.kirkdelete(KirkDelete.java:33)
	at AdminTestCases.KirkDelete.kirkdelete(KirkDelete.java:33)
	at AdminTestCases.KirkDelete.kirkdelete(KirkDelete.java:33)
	at AdminTestCases.KirkDelete.kirkdelete(KirkDelete.java:33)
	at AdminTestCases.KirkDelete.kirkdelete(KirkDelete.java:33)
	at AdminTestCases.KirkDelete.kirkdelete(KirkDelete.java:33)
	at AdminTestCases.KirkDelete.kirkdelete(KirkDelete.java:33)
	at AdminTestCases.KirkDelete.kirkdelete(KirkDelete.java:33)
	at AdminTestCases.KirkDelete.kirkdelete(KirkDelete.java:33)
	at AdminTestCases.KirkDelete.kirkdelete(KirkDelete.java:33)
	at AdminTestCases.KirkDelete.kirkdelete(KirkDelete.java:33)
	at AdminTestCases.KirkDelete.kirkdelete(KirkDelete.java:33)
	at AdminTestCases.KirkDelete.kirkdelete(KirkDelete.java:33)
	at AdminTestCases.KirkDelete.kirkdelete(KirkDelete.java:33)
	at AdminTestCases.KirkDelete.kirkdelete(KirkDelete.java:33)
	at AdminTestCases.KirkDelete.kirkdelete(KirkDelete.java:33)
	at AdminTestCases.KirkDelete.kirkdelete(KirkDelete.java:33)
	at AdminTestCases.KirkDelete.kirkdelete(KirkDelete.java:33)
	at AdminTestCases.KirkDelete.kirkdelete(KirkDelete.java:33)
	at AdminTestCases.KirkDelete.kirkdelete(KirkDelete.java:33)
	at AdminTestCases.KirkDelete.kirkdelete(KirkDelete.java:33)
	at AdminTestCases.KirkDelete.kirkdelete(KirkDelete.java:33)
	at AdminTestCases.KirkDelete.kirkdelete(KirkDelete.java:33)
	at AdminTestCases.KirkDelete.kirkdelete(KirkDelete.java:33)
	at AdminTestCases.KirkDelete.kirkdelete(KirkDelete.java:33)
	at AdminTestCases.KirkDelete.kirkdelete(KirkDelete.java:33)
	at AdminTestCases.KirkDelete.kirkdelete(KirkDelete.java:33)
	at AdminTestCases.KirkDelete.kirkdelete(KirkDelete.java:33)
	at AdminTestCases.KirkDelete.kirkdelete(KirkDelete.java:33)
	at AdminTestCases.KirkDelete.kirkdelete(KirkDelete.java:33)
	at AdminTestCases.KirkDelete.kirkdelete(KirkDelete.java:33)
	at AdminTestCases.KirkDelete.kirkdelete(KirkDelete.java:33)
	at AdminTestCases.KirkDelete.kirkdelete(KirkDelete.java:33)
	at AdminTestCases.KirkDelete.kirkdelete(KirkDelete.java:33)
	at AdminTestCases.KirkDelete.kirkdelete(KirkDelete.java:33)
	at AdminTestCases.KirkDelete.kirkdelete(KirkDelete.java:33)
	at AdminTestCases.KirkDelete.kirkdelete(KirkDelete.java:33)
	at AdminTestCases.KirkDelete.kirkdelete(KirkDelete.java:33)
	at AdminTestCases.KirkDelete.kirkdelete(KirkDelete.java:33)
	at AdminTestCases.KirkDelete.kirkdelete(KirkDelete.java:33)
	at AdminTestCases.KirkDelete.kirkdelete(KirkDelete.java:33)
	at AdminTestCases.KirkDelete.kirkdelete(KirkDelete.java:33)
	at AdminTestCases.KirkDelete.kirkdelete(KirkDelete.java:33)
	at AdminTestCases.KirkDelete.kirkdelete(KirkDelete.java:33)
	at AdminTestCases.KirkDelete.kirkdelete(KirkDelete.java:33)
	at AdminTestCases.KirkDelete.kirkdelete(KirkDelete.java:33)
	at AdminTestCases.KirkDelete.kirkdelete(KirkDelete.java:33)
	at AdminTestCases.KirkDelete.kirkdelete(KirkDelete.java:33)
	at AdminTestCases.KirkDelete.kirkdelete(KirkDelete.java:33)
	at AdminTestCases.KirkDelete.kirkdelete(KirkDelete.java:33)
	at AdminTestCases.KirkDelete.kirkdelete(KirkDelete.java:33)
	at AdminTestCases.KirkDelete.kirkdelete(KirkDelete.java:33)
	at AdminTestCases.KirkDelete.kirkdelete(KirkDelete.java:33)
	at AdminTestCases.KirkDelete.kirkdelete(KirkDelete.java:33)
	at AdminTestCases.KirkDelete.kirkdelete(KirkDelete.java:33)
	at AdminTestCases.KirkDelete.kirkdelete(KirkDelete.java:33)
	at AdminTestCases.KirkDelete.kirkdelete(KirkDelete.java:33)
	at AdminTestCases.KirkDelete.kirkdelete(KirkDelete.java:33)
	at AdminTestCases.KirkDelete.kirkdelete(KirkDelete.java:33)
	at AdminTestCases.KirkDelete.kirkdelete(KirkDelete.java:33)
	at AdminTestCases.KirkDelete.kirkdelete(KirkDelete.java:33)
	at AdminTestCases.KirkDelete.kirkdelete(KirkDelete.java:33)
	at AdminTestCases.KirkDelete.kirkdelete(KirkDelete.java:33)
	at AdminTestCases.KirkDelete.kirkdelete(KirkDelete.java:33)
	at AdminTestCases.KirkDelete.kirkdelete(KirkDelete.java:33)
	at AdminTestCases.KirkDelete.kirkdelete(KirkDelete.java:33)
	at AdminTestCases.KirkDelete.kirkdelete(KirkDelete.java:33)
	at AdminTestCases.KirkDelete.kirkdelete(KirkDelete.java:33)
	at AdminTestCases.KirkDelete.kirkdelete(KirkDelete.java:33)
	at AdminTestCases.KirkDelete.kirkdelete(KirkDelete.java:33)
	at AdminTestCases.KirkDelete.kirkdelete(KirkDelete.java:33)
	at AdminTestCases.KirkDelete.kirkdelete(KirkDelete.java:33)
	at AdminTestCases.KirkDelete.kirkdelete(KirkDelete.java:33)
	at AdminTestCases.KirkDelete.kirkdelete(KirkDelete.java:33)
	at AdminTestCases.KirkDelete.kirkdelete(KirkDelete.java:33)
	at AdminTestCases.KirkDelete.kirkdelete(KirkDelete.java:33)
	at AdminTestCases.KirkDelete.kirkdelete(KirkDelete.java:33)
	at AdminTestCases.KirkDelete.kirkdelete(KirkDelete.java:33)
	at AdminTestCases.KirkDelete.kirkdelete(KirkDelete.java:33)
	at AdminTestCases.KirkDelete.kirkdelete(KirkDelete.java:33)
	at AdminTestCases.KirkDelete.kirkdelete(KirkDelete.java:33)
	at AdminTestCases.KirkDelete.kirkdelete(KirkDelete.java:33)
	at AdminTestCases.KirkDelete.kirkdelete(KirkDelete.java:33)
	at AdminTestCases.KirkDelete.kirkdelete(KirkDelete.java:33)
	at AdminTestCases.KirkDelete.kirkdelete(KirkDelete.java:33)
	at AdminTestCases.KirkDelete.kirkdelete(KirkDelete.java:33)
	at AdminTestCases.KirkDelete.kirkdelete(KirkDelete.java:33)
	at AdminTestCases.KirkDelete.kirkdelete(KirkDelete.java:33)
	at AdminTestCases.KirkDelete.kirkdelete(KirkDelete.java:33)
	at AdminTestCases.KirkDelete.kirkdelete(KirkDelete.java:33)
	at AdminTestCases.KirkDelete.kirkdelete(KirkDelete.java:33)
	at AdminTestCases.KirkDelete.kirkdelete(KirkDelete.java:33)
	at AdminTestCases.KirkDelete.kirkdelete(KirkDelete.java:33)
	at AdminTestCases.KirkDelete.kirkdelete(KirkDelete.java:33)
	at AdminTestCases.KirkDelete.kirkdelete(KirkDelete.java:33)
	at AdminTestCases.KirkDelete.kirkdelete(KirkDelete.java:33)
	at AdminTestCases.KirkDelete.kirkdelete(KirkDelete.java:33)
	at AdminTestCases.KirkDelete.kirkdelete(KirkDelete.java:33)
	at AdminTestCases.KirkDelete.kirkdelete(KirkDelete.java:33)
	at AdminTestCases.KirkDelete.kirkdelete(KirkDelete.java:33)
	at AdminTestCases.KirkDelete.kirkdelete(KirkDelete.java:33)
	at AdminTestCases.KirkDelete.kirkdelete(KirkDelete.java:33)
	at AdminTestCases.KirkDelete.kirkdelete(KirkDelete.java:33)
	at AdminTestCases.KirkDelete.kirkdelete(KirkDelete.java:33)
	at AdminTestCases.KirkDelete.kirkdelete(KirkDelete.java:33)
	at AdminTestCases.KirkDelete.kirkdelete(KirkDelete.java:33)
	at AdminTestCases.KirkDelete.kirkdelete(KirkDelete.java:33)
	at AdminTestCases.KirkDelete.kirkdelete(KirkDelete.java:33)
	at AdminTestCases.KirkDelete.kirkdelete(KirkDelete.java:33)
	at AdminTestCases.KirkDelete.kirkdelete(KirkDelete.java:33)
	at AdminTestCases.KirkDelete.kirkdelete(KirkDelete.java:33)
	at AdminTestCases.KirkDelete.kirkdelete(KirkDelete.java:33)
	at AdminTestCases.KirkDelete.kirkdelete(KirkDelete.java:33)
	at AdminTestCases.KirkDelete.kirkdelete(KirkDelete.java:33)
	at AdminTestCases.KirkDelete.kirkdelete(KirkDelete.java:33)
	at AdminTestCases.KirkDelete.kirkdelete(KirkDelete.java:33)
	at AdminTestCases.KirkDelete.kirkdelete(KirkDelete.java:33)
	at AdminTestCases.KirkDelete.kirkdelete(KirkDelete.java:33)
	at AdminTestCases.KirkDelete.kirkdelete(KirkDelete.java:33)
	at AdminTestCases.KirkDelete.kirkdelete(KirkDelete.java:33)
]]>
    </error>
  </testcase> <!-- deleteKirk -->
</testsuite> <!-- AdminTestCases.AdminTC -->
