<?xml version="1.0" encoding="UTF-8"?>
<!-- Generated by org.testng.reporters.JUnitReportReporter -->
<testsuite skipped="0" hostname="Sumits-MacBook-Pro.local" name="AdminTestCases.getCustomerDetailFromKirk" tests="1" failures="0" timestamp="06 Mar 2018 10:29:40 GMT" time="8.126" errors="0">
  <testcase name="CustomerDetail" time="8.126" classname="AdminTestCases.getCustomerDetailFromKirk"/>
</testsuite> <!-- AdminTestCases.getCustomerDetailFromKirk -->
